{"/home/travis/build/npmtest/node-npmtest-redis-mock/test.js":{"path":"/home/travis/build/npmtest/node-npmtest-redis-mock/test.js","s":{"1":2,"2":2,"3":2,"4":2,"5":2,"6":2,"7":2,"8":1,"9":2,"10":2,"11":1,"12":1,"13":1,"14":1,"15":2,"16":2,"17":2,"18":2,"19":1,"20":1,"21":2,"22":2,"23":2,"24":1,"25":1,"26":1,"27":1,"28":1,"29":1,"30":1,"31":1,"32":1,"33":1,"34":1,"35":1,"36":1,"37":1,"38":1,"39":2,"40":2,"41":1,"42":2,"43":2,"44":1,"45":2,"46":2,"47":1,"48":2,"49":2,"50":1,"51":1,"52":1,"53":1,"54":1},"b":{"1":[2,1,1,1],"2":[1,1,1,1],"3":[1,1],"4":[1,1],"5":[1,1],"6":[1,1],"7":[1,1],"8":[1,1],"9":[1,1],"10":[1,1,1],"11":[1,1],"12":[1,1],"13":[1,1],"14":[1,1],"15":[1,1],"16":[1,1],"17":[1,1]},"f":{"1":2,"2":2,"3":2,"4":2,"5":2,"6":1,"7":1,"8":1,"9":2,"10":2,"11":2,"12":2,"13":1},"fnMap":{"1":{"name":"(anonymous_1)","line":12,"loc":{"start":{"line":12,"column":1},"end":{"line":12,"column":13}}},"2":{"name":"(anonymous_2)","line":19,"loc":{"start":{"line":19,"column":5},"end":{"line":19,"column":17}}},"3":{"name":"(anonymous_3)","line":23,"loc":{"start":{"line":23,"column":24},"end":{"line":23,"column":36}}},"4":{"name":"(anonymous_4)","line":61,"loc":{"start":{"line":61,"column":5},"end":{"line":61,"column":17}}},"5":{"name":"(anonymous_5)","line":82,"loc":{"start":{"line":82,"column":5},"end":{"line":82,"column":17}}},"6":{"name":"(anonymous_6)","line":91,"loc":{"start":{"line":91,"column":77},"end":{"line":94,"column":10}}},"7":{"name":"(anonymous_7)","line":112,"loc":{"start":{"line":112,"column":83},"end":{"line":115,"column":10}},"skip":true},"8":{"name":"(anonymous_8)","line":123,"loc":{"start":{"line":123,"column":77},"end":{"line":126,"column":10}},"skip":true},"9":{"name":"(anonymous_9)","line":139,"loc":{"start":{"line":139,"column":12},"end":{"line":139,"column":40}},"skip":true},"10":{"name":"(anonymous_10)","line":147,"loc":{"start":{"line":147,"column":77},"end":{"line":150,"column":10}},"skip":true},"11":{"name":"(anonymous_11)","line":158,"loc":{"start":{"line":158,"column":83},"end":{"line":161,"column":10}},"skip":true},"12":{"name":"(anonymous_12)","line":169,"loc":{"start":{"line":169,"column":79},"end":{"line":172,"column":10}},"skip":true},"13":{"name":"(anonymous_13)","line":180,"loc":{"start":{"line":180,"column":75},"end":{"line":183,"column":10}},"skip":true}},"statementMap":{"1":{"start":{"line":12,"column":0},"end":{"line":195,"column":5}},"2":{"start":{"line":14,"column":4},"end":{"line":14,"column":14}},"3":{"start":{"line":19,"column":4},"end":{"line":56,"column":9}},"4":{"start":{"line":21,"column":8},"end":{"line":21,"column":19}},"5":{"start":{"line":23,"column":8},"end":{"line":35,"column":13}},"6":{"start":{"line":24,"column":12},"end":{"line":34,"column":13}},"7":{"start":{"line":25,"column":16},"end":{"line":28,"column":30}},"8":{"start":{"line":30,"column":16},"end":{"line":33,"column":27}},"9":{"start":{"line":37,"column":8},"end":{"line":39,"column":21}},"10":{"start":{"line":40,"column":8},"end":{"line":53,"column":9}},"11":{"start":{"line":43,"column":12},"end":{"line":46,"column":14}},"12":{"start":{"line":47,"column":12},"end":{"line":47,"column":18}},"13":{"start":{"line":50,"column":12},"end":{"line":51,"column":46}},"14":{"start":{"line":52,"column":12},"end":{"line":52,"column":18}},"15":{"start":{"line":55,"column":8},"end":{"line":55,"column":35}},"16":{"start":{"line":61,"column":4},"end":{"line":63,"column":9}},"17":{"start":{"line":62,"column":8},"end":{"line":62,"column":15}},"18":{"start":{"line":64,"column":4},"end":{"line":77,"column":5}},"19":{"start":{"line":70,"column":8},"end":{"line":70,"column":14}},"20":{"start":{"line":76,"column":8},"end":{"line":76,"column":14}},"21":{"start":{"line":82,"column":4},"end":{"line":84,"column":9}},"22":{"start":{"line":83,"column":8},"end":{"line":83,"column":15}},"23":{"start":{"line":85,"column":4},"end":{"line":194,"column":5}},"24":{"start":{"line":91,"column":8},"end":{"line":99,"column":10}},"25":{"start":{"line":98,"column":12},"end":{"line":98,"column":35}},"26":{"start":{"line":102,"column":8},"end":{"line":104,"column":63}},"27":{"start":{"line":105,"column":8},"end":{"line":105,"column":14}},"28":{"start":{"line":112,"column":8},"end":{"line":121,"column":10},"skip":true},"29":{"start":{"line":119,"column":12},"end":{"line":119,"column":55},"skip":true},"30":{"start":{"line":120,"column":12},"end":{"line":120,"column":48},"skip":true},"31":{"start":{"line":123,"column":8},"end":{"line":136,"column":10},"skip":true},"32":{"start":{"line":130,"column":12},"end":{"line":130,"column":76},"skip":true},"33":{"start":{"line":131,"column":12},"end":{"line":131,"column":73},"skip":true},"34":{"start":{"line":132,"column":12},"end":{"line":132,"column":74},"skip":true},"35":{"start":{"line":133,"column":12},"end":{"line":133,"column":79},"skip":true},"36":{"start":{"line":134,"column":12},"end":{"line":134,"column":25},"skip":true},"37":{"start":{"line":135,"column":12},"end":{"line":135,"column":45},"skip":true},"38":{"start":{"line":138,"column":8},"end":{"line":145,"column":14},"skip":true},"39":{"start":{"line":143,"column":16},"end":{"line":143,"column":29},"skip":true},"40":{"start":{"line":144,"column":16},"end":{"line":144,"column":55},"skip":true},"41":{"start":{"line":147,"column":8},"end":{"line":156,"column":10},"skip":true},"42":{"start":{"line":154,"column":12},"end":{"line":154,"column":25},"skip":true},"43":{"start":{"line":155,"column":12},"end":{"line":155,"column":45},"skip":true},"44":{"start":{"line":158,"column":8},"end":{"line":167,"column":10},"skip":true},"45":{"start":{"line":165,"column":12},"end":{"line":165,"column":25},"skip":true},"46":{"start":{"line":166,"column":12},"end":{"line":166,"column":48},"skip":true},"47":{"start":{"line":169,"column":8},"end":{"line":178,"column":10},"skip":true},"48":{"start":{"line":176,"column":12},"end":{"line":176,"column":25},"skip":true},"49":{"start":{"line":177,"column":12},"end":{"line":177,"column":46},"skip":true},"50":{"start":{"line":180,"column":8},"end":{"line":189,"column":10},"skip":true},"51":{"start":{"line":187,"column":12},"end":{"line":187,"column":94},"skip":true},"52":{"start":{"line":188,"column":12},"end":{"line":188,"column":48},"skip":true},"53":{"start":{"line":192,"column":8},"end":{"line":192,"column":35},"skip":true},"54":{"start":{"line":193,"column":8},"end":{"line":193,"column":14},"skip":true}},"branchMap":{"1":{"line":25,"type":"binary-expr","locations":[{"start":{"line":25,"column":23},"end":{"line":25,"column":62}},{"start":{"line":26,"column":20},"end":{"line":26,"column":70}},{"start":{"line":27,"column":20},"end":{"line":27,"column":71}},{"start":{"line":28,"column":20},"end":{"line":28,"column":29}}]},"2":{"line":30,"type":"binary-expr","locations":[{"start":{"line":30,"column":23},"end":{"line":30,"column":37}},{"start":{"line":31,"column":20},"end":{"line":31,"column":61}},{"start":{"line":32,"column":20},"end":{"line":32,"column":70}},{"start":{"line":33,"column":20},"end":{"line":33,"column":26}}]},"3":{"line":37,"type":"cond-expr","locations":[{"start":{"line":38,"column":14},"end":{"line":38,"column":20}},{"start":{"line":39,"column":14},"end":{"line":39,"column":20}}]},"4":{"line":40,"type":"switch","locations":[{"start":{"line":42,"column":8},"end":{"line":47,"column":18}},{"start":{"line":49,"column":8},"end":{"line":52,"column":18}}]},"5":{"line":44,"type":"binary-expr","locations":[{"start":{"line":44,"column":16},"end":{"line":44,"column":44}},{"start":{"line":44,"column":48},"end":{"line":44,"column":66}}]},"6":{"line":50,"type":"binary-expr","locations":[{"start":{"line":50,"column":21},"end":{"line":50,"column":49}},{"start":{"line":50,"column":53},"end":{"line":50,"column":72}}]},"7":{"line":64,"type":"switch","locations":[{"start":{"line":69,"column":4},"end":{"line":70,"column":14}},{"start":{"line":75,"column":4},"end":{"line":76,"column":14}}]},"8":{"line":85,"type":"switch","locations":[{"start":{"line":90,"column":4},"end":{"line":105,"column":14}},{"start":{"line":111,"column":4},"end":{"line":193,"column":14},"skip":true}]},"9":{"line":91,"type":"binary-expr","locations":[{"start":{"line":91,"column":42},"end":{"line":91,"column":73}},{"start":{"line":91,"column":77},"end":{"line":99,"column":9}}]},"10":{"line":102,"type":"binary-expr","locations":[{"start":{"line":102,"column":18},"end":{"line":102,"column":32}},{"start":{"line":103,"column":12},"end":{"line":103,"column":53}},{"start":{"line":104,"column":12},"end":{"line":104,"column":61}}]},"11":{"line":112,"type":"binary-expr","locations":[{"start":{"line":112,"column":45},"end":{"line":112,"column":79},"skip":true},{"start":{"line":112,"column":83},"end":{"line":121,"column":9},"skip":true}]},"12":{"line":123,"type":"binary-expr","locations":[{"start":{"line":123,"column":42},"end":{"line":123,"column":73},"skip":true},{"start":{"line":123,"column":77},"end":{"line":136,"column":9},"skip":true}]},"13":{"line":138,"type":"binary-expr","locations":[{"start":{"line":138,"column":48},"end":{"line":138,"column":85},"skip":true},{"start":{"line":139,"column":12},"end":{"line":145,"column":13},"skip":true}]},"14":{"line":147,"type":"binary-expr","locations":[{"start":{"line":147,"column":42},"end":{"line":147,"column":73},"skip":true},{"start":{"line":147,"column":77},"end":{"line":156,"column":9},"skip":true}]},"15":{"line":158,"type":"binary-expr","locations":[{"start":{"line":158,"column":45},"end":{"line":158,"column":79},"skip":true},{"start":{"line":158,"column":83},"end":{"line":167,"column":9},"skip":true}]},"16":{"line":169,"type":"binary-expr","locations":[{"start":{"line":169,"column":43},"end":{"line":169,"column":75},"skip":true},{"start":{"line":169,"column":79},"end":{"line":178,"column":9},"skip":true}]},"17":{"line":180,"type":"binary-expr","locations":[{"start":{"line":180,"column":41},"end":{"line":180,"column":71},"skip":true},{"start":{"line":180,"column":75},"end":{"line":189,"column":9},"skip":true}]}},"code":["/* istanbul instrument in package npmtest_redis_mock */","/*jslint","    bitwise: true,","    browser: true,","    maxerr: 8,","    maxlen: 96,","    node: true,","    nomen: true,","    regexp: true,","    stupid: true","*/","(function () {","    'use strict';","    var local;","","","","    // run shared js-env code - pre-init","    (function () {","        // init local","        local = {};","        // init modeJs","        local.modeJs = (function () {","            try {","                return typeof navigator.userAgent === 'string' &&","                    typeof document.querySelector('body') === 'object' &&","                    typeof XMLHttpRequest.prototype.open === 'function' &&","                    'browser';","            } catch (errorCaughtBrowser) {","                return module.exports &&","                    typeof process.versions.node === 'string' &&","                    typeof require('http').createServer === 'function' &&","                    'node';","            }","        }());","        // init global","        local.global = local.modeJs === 'browser'","            ? window","            : global;","        switch (local.modeJs) {","        // re-init local from window.local","        case 'browser':","            local = local.global.utility2.objectSetDefault(","                local.global.utility2_rollup || local.global.local,","                local.global.utility2","            );","            break;","        // re-init local from example.js","        case 'node':","            local = (local.global.utility2_rollup || require('utility2'))","                .requireExampleJsFromReadme();","            break;","        }","        // export local","        local.global.local = local;","    }());","","","","    // run shared js-env code - function","    (function () {","        return;","    }());","    switch (local.modeJs) {","","","","    // run browser js-env code - function","    case 'browser':","        break;","","","","    // run node js-env code - function","    case 'node':","        break;","    }","","","","    // run shared js-env code - post-init","    (function () {","        return;","    }());","    switch (local.modeJs) {","","","","    // run browser js-env code - post-init","    case 'browser':","        local.testCase_browser_nullCase = local.testCase_browser_nullCase || function (","            options,","            onError","        ) {","        /*","         * this function will test browsers's null-case handling-behavior-behavior","         */","            onError(null, options);","        };","","        // run tests","        local.nop(local.modeTest &&","            document.querySelector('#testRunButton1') &&","            document.querySelector('#testRunButton1').click());","        break;","","","","    // run node js-env code - post-init","    /* istanbul ignore next */","    case 'node':","        local.testCase_buildApidoc_default = local.testCase_buildApidoc_default || function (","            options,","            onError","        ) {","        /*","         * this function will test buildApidoc's default handling-behavior-behavior","         */","            options = { modulePathList: module.paths };","            local.buildApidoc(options, onError);","        };","","        local.testCase_buildApp_default = local.testCase_buildApp_default || function (","            options,","            onError","        ) {","        /*","         * this function will test buildApp's default handling-behavior-behavior","         */","            local.testCase_buildReadme_default(options, local.onErrorThrow);","            local.testCase_buildLib_default(options, local.onErrorThrow);","            local.testCase_buildTest_default(options, local.onErrorThrow);","            local.testCase_buildCustomOrg_default(options, local.onErrorThrow);","            options = [];","            local.buildApp(options, onError);","        };","","        local.testCase_buildCustomOrg_default = local.testCase_buildCustomOrg_default ||","            function (options, onError) {","            /*","             * this function will test buildCustomOrg's default handling-behavior","             */","                options = {};","                local.buildCustomOrg(options, onError);","            };","","        local.testCase_buildLib_default = local.testCase_buildLib_default || function (","            options,","            onError","        ) {","        /*","         * this function will test buildLib's default handling-behavior","         */","            options = {};","            local.buildLib(options, onError);","        };","","        local.testCase_buildReadme_default = local.testCase_buildReadme_default || function (","            options,","            onError","        ) {","        /*","         * this function will test buildReadme's default handling-behavior-behavior","         */","            options = {};","            local.buildReadme(options, onError);","        };","","        local.testCase_buildTest_default = local.testCase_buildTest_default || function (","            options,","            onError","        ) {","        /*","         * this function will test buildTest's default handling-behavior","         */","            options = {};","            local.buildTest(options, onError);","        };","","        local.testCase_webpage_default = local.testCase_webpage_default || function (","            options,","            onError","        ) {","        /*","         * this function will test webpage's default handling-behavior","         */","            options = { modeCoverageMerge: true, url: local.serverLocalHost + '?modeTest=1' };","            local.browserTest(options, onError);","        };","","        // run test-server","        local.testRunServer(local);","        break;","    }","}());",""],"l":{"12":2,"14":2,"19":2,"21":2,"23":2,"24":2,"25":2,"30":1,"37":2,"40":2,"43":1,"47":1,"50":1,"52":1,"55":2,"61":2,"62":2,"64":2,"70":1,"76":1,"82":2,"83":2,"85":2,"91":1,"98":1,"102":1,"105":1,"112":1,"119":1,"120":1,"123":1,"130":1,"131":1,"132":1,"133":1,"134":1,"135":1,"138":1,"143":2,"144":2,"147":1,"154":2,"155":2,"158":1,"165":2,"166":2,"169":1,"176":2,"177":2,"180":1,"187":1,"188":1,"192":1,"193":1}},"/home/travis/build/npmtest/node-npmtest-redis-mock/lib.npmtest_redis_mock.js":{"path":"/home/travis/build/npmtest/node-npmtest-redis-mock/lib.npmtest_redis_mock.js","s":{"1":2,"2":2,"3":2,"4":2,"5":2,"6":2,"7":2,"8":1,"9":2,"10":2,"11":2,"12":2,"13":1,"14":1,"15":1,"16":1},"b":{"1":[2,1,1,1],"2":[1,1,1,1],"3":[1,1],"4":[2,2],"5":[1,1]},"f":{"1":2,"2":2,"3":2},"fnMap":{"1":{"name":"(anonymous_1)","line":12,"loc":{"start":{"line":12,"column":1},"end":{"line":12,"column":13}}},"2":{"name":"(anonymous_2)","line":19,"loc":{"start":{"line":19,"column":5},"end":{"line":19,"column":17}}},"3":{"name":"(anonymous_3)","line":23,"loc":{"start":{"line":23,"column":24},"end":{"line":23,"column":36}}}},"statementMap":{"1":{"start":{"line":12,"column":0},"end":{"line":53,"column":5}},"2":{"start":{"line":14,"column":4},"end":{"line":14,"column":14}},"3":{"start":{"line":19,"column":4},"end":{"line":52,"column":9}},"4":{"start":{"line":21,"column":8},"end":{"line":21,"column":19}},"5":{"start":{"line":23,"column":8},"end":{"line":35,"column":13}},"6":{"start":{"line":24,"column":12},"end":{"line":34,"column":13}},"7":{"start":{"line":25,"column":16},"end":{"line":28,"column":30}},"8":{"start":{"line":30,"column":16},"end":{"line":33,"column":27}},"9":{"start":{"line":37,"column":8},"end":{"line":39,"column":21}},"10":{"start":{"line":41,"column":8},"end":{"line":41,"column":54}},"11":{"start":{"line":43,"column":8},"end":{"line":43,"column":55}},"12":{"start":{"line":45,"column":8},"end":{"line":51,"column":9}},"13":{"start":{"line":46,"column":12},"end":{"line":46,"column":61}},"14":{"start":{"line":48,"column":12},"end":{"line":48,"column":35}},"15":{"start":{"line":49,"column":12},"end":{"line":49,"column":49}},"16":{"start":{"line":50,"column":12},"end":{"line":50,"column":43}}},"branchMap":{"1":{"line":25,"type":"binary-expr","locations":[{"start":{"line":25,"column":23},"end":{"line":25,"column":62}},{"start":{"line":26,"column":20},"end":{"line":26,"column":70}},{"start":{"line":27,"column":20},"end":{"line":27,"column":71}},{"start":{"line":28,"column":20},"end":{"line":28,"column":29}}]},"2":{"line":30,"type":"binary-expr","locations":[{"start":{"line":30,"column":23},"end":{"line":30,"column":37}},{"start":{"line":31,"column":20},"end":{"line":31,"column":61}},{"start":{"line":32,"column":20},"end":{"line":32,"column":70}},{"start":{"line":33,"column":20},"end":{"line":33,"column":26}}]},"3":{"line":37,"type":"cond-expr","locations":[{"start":{"line":38,"column":14},"end":{"line":38,"column":20}},{"start":{"line":39,"column":14},"end":{"line":39,"column":20}}]},"4":{"line":41,"type":"binary-expr","locations":[{"start":{"line":41,"column":16},"end":{"line":41,"column":44}},{"start":{"line":41,"column":48},"end":{"line":41,"column":53}}]},"5":{"line":45,"type":"if","locations":[{"start":{"line":45,"column":8},"end":{"line":45,"column":8}},{"start":{"line":45,"column":8},"end":{"line":45,"column":8}}]}},"code":["/* istanbul instrument in package npmtest_redis_mock */","/*jslint","    bitwise: true,","    browser: true,","    maxerr: 8,","    maxlen: 96,","    node: true,","    nomen: true,","    regexp: true,","    stupid: true","*/","(function () {","    'use strict';","    var local;","","","","    // run shared js-env code - pre-init","    (function () {","        // init local","        local = {};","        // init modeJs","        local.modeJs = (function () {","            try {","                return typeof navigator.userAgent === 'string' &&","                    typeof document.querySelector('body') === 'object' &&","                    typeof XMLHttpRequest.prototype.open === 'function' &&","                    'browser';","            } catch (errorCaughtBrowser) {","                return module.exports &&","                    typeof process.versions.node === 'string' &&","                    typeof require('http').createServer === 'function' &&","                    'node';","            }","        }());","        // init global","        local.global = local.modeJs === 'browser'","            ? window","            : global;","        // init utility2_rollup","        local = local.global.utility2_rollup || local;","        // init lib","        local.local = local.npmtest_redis_mock = local;","        // init exports","        if (local.modeJs === 'browser') {","            local.global.utility2_npmtest_redis_mock = local;","        } else {","            module.exports = local;","            module.exports.__dirname = __dirname;","            module.exports.module = module;","        }","    }());","}());",""],"l":{"12":2,"14":2,"19":2,"21":2,"23":2,"24":2,"25":2,"30":1,"37":2,"41":2,"43":2,"45":2,"46":1,"48":1,"49":1,"50":1}},"/home/travis/build/npmtest/node-npmtest-redis-mock/example.js":{"path":"/home/travis/build/npmtest/node-npmtest-redis-mock/example.js","s":{"1":2,"2":2,"3":2,"4":2,"5":2,"6":2,"7":2,"8":1,"9":2,"10":2,"11":2,"12":2,"13":1,"14":2,"15":2,"16":2,"17":2,"18":2,"19":0,"20":2,"21":1,"22":1,"23":1,"24":1,"25":1,"26":0,"27":0,"28":1,"29":1,"30":2,"31":0,"32":0,"33":0,"34":1,"35":2,"36":2,"37":3,"38":3,"39":3,"40":3,"41":0,"42":3,"43":3,"44":3,"45":1,"46":3,"47":1,"48":1,"49":1,"50":1,"51":1,"52":1,"53":1,"54":1,"55":1,"56":1,"57":0,"58":1,"59":6,"60":6,"61":1,"62":2,"63":0,"64":2,"65":1,"66":1,"67":0,"68":0,"69":0,"70":0,"71":0,"72":0,"73":0,"74":0,"75":0,"76":0,"77":0,"78":0,"79":0,"80":0,"81":0,"82":0,"83":0},"b":{"1":[2,1,1,1],"2":[1,1,1,1],"3":[1,1],"4":[2,2],"5":[1,1],"6":[1,1],"7":[2,0],"8":[2,1,1,1,1,1],"9":[0,2,0],"10":[1,1],"11":[2,1,1],"12":[1,0],"13":[0,2],"14":[2,0,0,0,0,0,0],"15":[0,3],"16":[3,0],"17":[1,1],"18":[0,1],"19":[1,2,0,2],"20":[1,0],"21":[1,1],"22":[0,0],"23":[0,0],"24":[0,0],"25":[0,0],"26":[0,0],"27":[0,0],"28":[0,0]},"f":{"1":2,"2":2,"3":2,"4":2,"5":2,"6":2,"7":3,"8":3,"9":3,"10":1,"11":6,"12":0},"fnMap":{"1":{"name":"(anonymous_1)","line":26,"loc":{"start":{"line":26,"column":1},"end":{"line":26,"column":13}}},"2":{"name":"(anonymous_2)","line":33,"loc":{"start":{"line":33,"column":5},"end":{"line":33,"column":17}}},"3":{"name":"(anonymous_3)","line":37,"loc":{"start":{"line":37,"column":24},"end":{"line":37,"column":36}}},"4":{"name":"(anonymous_4)","line":69,"loc":{"start":{"line":69,"column":31},"end":{"line":69,"column":48}},"skip":true},"5":{"name":"(anonymous_5)","line":78,"loc":{"start":{"line":78,"column":26},"end":{"line":78,"column":45}},"skip":true},"6":{"name":"(anonymous_6)","line":123,"loc":{"start":{"line":123,"column":33},"end":{"line":123,"column":48}},"skip":true},"7":{"name":"(anonymous_7)","line":125,"loc":{"start":{"line":125,"column":27},"end":{"line":125,"column":39}},"skip":true},"8":{"name":"(anonymous_8)","line":133,"loc":{"start":{"line":133,"column":59},"end":{"line":133,"column":74}},"skip":true},"9":{"name":"(anonymous_9)","line":143,"loc":{"start":{"line":143,"column":45},"end":{"line":143,"column":62}},"skip":true},"10":{"name":"(anonymous_10)","line":144,"loc":{"start":{"line":144,"column":73},"end":{"line":144,"column":92}},"skip":true},"11":{"name":"(anonymous_11)","line":272,"loc":{"start":{"line":272,"column":51},"end":{"line":272,"column":77}},"skip":true},"12":{"name":"(anonymous_12)","line":314,"loc":{"start":{"line":314,"column":32},"end":{"line":314,"column":61}},"skip":true}},"statementMap":{"1":{"start":{"line":26,"column":0},"end":{"line":325,"column":5}},"2":{"start":{"line":28,"column":4},"end":{"line":28,"column":14}},"3":{"start":{"line":33,"column":4},"end":{"line":60,"column":9}},"4":{"start":{"line":35,"column":8},"end":{"line":35,"column":19}},"5":{"start":{"line":37,"column":8},"end":{"line":49,"column":13}},"6":{"start":{"line":38,"column":12},"end":{"line":48,"column":13}},"7":{"start":{"line":39,"column":16},"end":{"line":42,"column":30}},"8":{"start":{"line":44,"column":16},"end":{"line":47,"column":27}},"9":{"start":{"line":51,"column":8},"end":{"line":53,"column":21}},"10":{"start":{"line":55,"column":8},"end":{"line":57,"column":45}},"11":{"start":{"line":59,"column":8},"end":{"line":59,"column":35}},"12":{"start":{"line":61,"column":4},"end":{"line":324,"column":5}},"13":{"start":{"line":69,"column":8},"end":{"line":121,"column":10},"skip":true},"14":{"start":{"line":70,"column":12},"end":{"line":88,"column":13},"skip":true},"15":{"start":{"line":76,"column":16},"end":{"line":87,"column":19},"skip":true},"16":{"start":{"line":79,"column":20},"end":{"line":86,"column":21},"skip":true},"17":{"start":{"line":82,"column":24},"end":{"line":82,"column":43},"skip":true},"18":{"start":{"line":83,"column":24},"end":{"line":83,"column":30},"skip":true},"19":{"start":{"line":85,"column":24},"end":{"line":85,"column":49},"skip":true},"20":{"start":{"line":89,"column":12},"end":{"line":107,"column":13},"skip":true},"21":{"start":{"line":92,"column":16},"end":{"line":102,"column":17},"skip":true},"22":{"start":{"line":93,"column":20},"end":{"line":93,"column":86},"skip":true},"23":{"start":{"line":94,"column":20},"end":{"line":95,"column":45},"skip":true},"24":{"start":{"line":96,"column":20},"end":{"line":96,"column":42},"skip":true},"25":{"start":{"line":97,"column":20},"end":{"line":97,"column":48},"skip":true},"26":{"start":{"line":100,"column":20},"end":{"line":100,"column":85},"skip":true},"27":{"start":{"line":101,"column":20},"end":{"line":101,"column":96},"skip":true},"28":{"start":{"line":103,"column":16},"end":{"line":103,"column":22},"skip":true},"29":{"start":{"line":106,"column":16},"end":{"line":106,"column":22},"skip":true},"30":{"start":{"line":108,"column":12},"end":{"line":120,"column":13},"skip":true},"31":{"start":{"line":114,"column":16},"end":{"line":119,"column":17},"skip":true},"32":{"start":{"line":116,"column":20},"end":{"line":116,"column":78},"skip":true},"33":{"start":{"line":118,"column":20},"end":{"line":118,"column":47},"skip":true},"34":{"start":{"line":123,"column":8},"end":{"line":141,"column":11},"skip":true},"35":{"start":{"line":124,"column":12},"end":{"line":124,"column":54},"skip":true},"36":{"start":{"line":125,"column":12},"end":{"line":140,"column":14},"skip":true},"37":{"start":{"line":126,"column":16},"end":{"line":126,"column":28},"skip":true},"38":{"start":{"line":127,"column":16},"end":{"line":127,"column":69},"skip":true},"39":{"start":{"line":128,"column":16},"end":{"line":128,"column":75},"skip":true},"40":{"start":{"line":129,"column":16},"end":{"line":131,"column":17},"skip":true},"41":{"start":{"line":130,"column":20},"end":{"line":130,"column":27},"skip":true},"42":{"start":{"line":133,"column":16},"end":{"line":137,"column":36},"skip":true},"43":{"start":{"line":134,"column":20},"end":{"line":136,"column":55},"skip":true},"44":{"start":{"line":139,"column":16},"end":{"line":139,"column":57},"skip":true},"45":{"start":{"line":143,"column":8},"end":{"line":147,"column":11},"skip":true},"46":{"start":{"line":144,"column":12},"end":{"line":146,"column":15},"skip":true},"47":{"start":{"line":145,"column":16},"end":{"line":145,"column":70},"skip":true},"48":{"start":{"line":149,"column":8},"end":{"line":149,"column":31},"skip":true},"49":{"start":{"line":150,"column":8},"end":{"line":150,"column":14},"skip":true},"50":{"start":{"line":158,"column":8},"end":{"line":158,"column":31},"skip":true},"51":{"start":{"line":160,"column":8},"end":{"line":160,"column":33},"skip":true},"52":{"start":{"line":161,"column":8},"end":{"line":161,"column":37},"skip":true},"53":{"start":{"line":162,"column":8},"end":{"line":162,"column":35},"skip":true},"54":{"start":{"line":164,"column":8},"end":{"line":164,"column":50},"skip":true},"55":{"start":{"line":166,"column":8},"end":{"line":256,"column":2},"skip":true},"56":{"start":{"line":258,"column":8},"end":{"line":286,"column":9},"skip":true},"57":{"start":{"line":259,"column":12},"end":{"line":269,"column":14},"skip":true},"58":{"start":{"line":271,"column":12},"end":{"line":285,"column":19},"skip":true},"59":{"start":{"line":274,"column":20},"end":{"line":274,"column":35},"skip":true},"60":{"start":{"line":275,"column":20},"end":{"line":284,"column":21},"skip":true},"61":{"start":{"line":277,"column":24},"end":{"line":277,"column":64},"skip":true},"62":{"start":{"line":279,"column":24},"end":{"line":279,"column":40},"skip":true},"63":{"start":{"line":281,"column":24},"end":{"line":281,"column":40},"skip":true},"64":{"start":{"line":283,"column":24},"end":{"line":283,"column":39},"skip":true},"65":{"start":{"line":288,"column":8},"end":{"line":290,"column":9},"skip":true},"66":{"start":{"line":289,"column":12},"end":{"line":289,"column":18},"skip":true},"67":{"start":{"line":291,"column":8},"end":{"line":293,"column":54},"skip":true},"68":{"start":{"line":294,"column":8},"end":{"line":301,"column":37},"skip":true},"69":{"start":{"line":302,"column":8},"end":{"line":302,"column":82},"skip":true},"70":{"start":{"line":305,"column":8},"end":{"line":307,"column":9},"skip":true},"71":{"start":{"line":306,"column":12},"end":{"line":306,"column":82},"skip":true},"72":{"start":{"line":309,"column":8},"end":{"line":311,"column":9},"skip":true},"73":{"start":{"line":310,"column":12},"end":{"line":310,"column":18},"skip":true},"74":{"start":{"line":312,"column":8},"end":{"line":312,"column":54},"skip":true},"75":{"start":{"line":313,"column":8},"end":{"line":313,"column":69},"skip":true},"76":{"start":{"line":314,"column":8},"end":{"line":322,"column":36},"skip":true},"77":{"start":{"line":315,"column":12},"end":{"line":315,"column":61},"skip":true},"78":{"start":{"line":316,"column":12},"end":{"line":319,"column":13},"skip":true},"79":{"start":{"line":317,"column":16},"end":{"line":317,"column":75},"skip":true},"80":{"start":{"line":318,"column":16},"end":{"line":318,"column":23},"skip":true},"81":{"start":{"line":320,"column":12},"end":{"line":320,"column":38},"skip":true},"82":{"start":{"line":321,"column":12},"end":{"line":321,"column":27},"skip":true},"83":{"start":{"line":323,"column":8},"end":{"line":323,"column":14},"skip":true}},"branchMap":{"1":{"line":39,"type":"binary-expr","locations":[{"start":{"line":39,"column":23},"end":{"line":39,"column":62}},{"start":{"line":40,"column":20},"end":{"line":40,"column":70}},{"start":{"line":41,"column":20},"end":{"line":41,"column":71}},{"start":{"line":42,"column":20},"end":{"line":42,"column":29}}]},"2":{"line":44,"type":"binary-expr","locations":[{"start":{"line":44,"column":23},"end":{"line":44,"column":37}},{"start":{"line":45,"column":20},"end":{"line":45,"column":61}},{"start":{"line":46,"column":20},"end":{"line":46,"column":70}},{"start":{"line":47,"column":20},"end":{"line":47,"column":26}}]},"3":{"line":51,"type":"cond-expr","locations":[{"start":{"line":52,"column":14},"end":{"line":52,"column":20}},{"start":{"line":53,"column":14},"end":{"line":53,"column":20}}]},"4":{"line":55,"type":"binary-expr","locations":[{"start":{"line":55,"column":16},"end":{"line":55,"column":44}},{"start":{"line":55,"column":49},"end":{"line":57,"column":43}}]},"5":{"line":55,"type":"cond-expr","locations":[{"start":{"line":56,"column":14},"end":{"line":56,"column":54}},{"start":{"line":57,"column":14},"end":{"line":57,"column":43}}]},"6":{"line":61,"type":"switch","locations":[{"start":{"line":68,"column":4},"end":{"line":150,"column":14},"skip":true},{"start":{"line":156,"column":4},"end":{"line":323,"column":14},"skip":true}]},"7":{"line":70,"type":"if","locations":[{"start":{"line":70,"column":12},"end":{"line":70,"column":12},"skip":true},{"start":{"line":70,"column":12},"end":{"line":70,"column":12},"skip":true}]},"8":{"line":70,"type":"binary-expr","locations":[{"start":{"line":70,"column":16},"end":{"line":70,"column":22},"skip":true},{"start":{"line":70,"column":27},"end":{"line":70,"column":32},"skip":true},{"start":{"line":71,"column":20},"end":{"line":71,"column":39},"skip":true},{"start":{"line":72,"column":20},"end":{"line":72,"column":49},"skip":true},{"start":{"line":73,"column":20},"end":{"line":73,"column":58},"skip":true},{"start":{"line":74,"column":20},"end":{"line":74,"column":69},"skip":true}]},"9":{"line":79,"type":"switch","locations":[{"start":{"line":80,"column":20},"end":{"line":80,"column":33},"skip":true},{"start":{"line":81,"column":20},"end":{"line":83,"column":30},"skip":true},{"start":{"line":84,"column":20},"end":{"line":85,"column":49},"skip":true}]},"10":{"line":89,"type":"switch","locations":[{"start":{"line":90,"column":12},"end":{"line":103,"column":22},"skip":true},{"start":{"line":105,"column":12},"end":{"line":106,"column":22},"skip":true}]},"11":{"line":89,"type":"binary-expr","locations":[{"start":{"line":89,"column":20},"end":{"line":89,"column":25},"skip":true},{"start":{"line":89,"column":29},"end":{"line":89,"column":48},"skip":true},{"start":{"line":89,"column":52},"end":{"line":89,"column":74},"skip":true}]},"12":{"line":92,"type":"if","locations":[{"start":{"line":92,"column":16},"end":{"line":92,"column":16},"skip":true},{"start":{"line":92,"column":16},"end":{"line":92,"column":16},"skip":true}]},"13":{"line":108,"type":"if","locations":[{"start":{"line":108,"column":12},"end":{"line":108,"column":12},"skip":true},{"start":{"line":108,"column":12},"end":{"line":108,"column":12},"skip":true}]},"14":{"line":108,"type":"binary-expr","locations":[{"start":{"line":108,"column":16},"end":{"line":108,"column":61},"skip":true},{"start":{"line":108,"column":66},"end":{"line":108,"column":72},"skip":true},{"start":{"line":108,"column":77},"end":{"line":108,"column":82},"skip":true},{"start":{"line":109,"column":20},"end":{"line":109,"column":39},"skip":true},{"start":{"line":110,"column":20},"end":{"line":110,"column":49},"skip":true},{"start":{"line":111,"column":20},"end":{"line":111,"column":58},"skip":true},{"start":{"line":112,"column":20},"end":{"line":112,"column":68},"skip":true}]},"15":{"line":129,"type":"if","locations":[{"start":{"line":129,"column":16},"end":{"line":129,"column":16},"skip":true},{"start":{"line":129,"column":16},"end":{"line":129,"column":16},"skip":true}]},"16":{"line":134,"type":"cond-expr","locations":[{"start":{"line":135,"column":26},"end":{"line":135,"column":29},"skip":true},{"start":{"line":136,"column":26},"end":{"line":136,"column":54},"skip":true}]},"17":{"line":164,"type":"binary-expr","locations":[{"start":{"line":164,"column":27},"end":{"line":164,"column":43},"skip":true},{"start":{"line":164,"column":47},"end":{"line":164,"column":49},"skip":true}]},"18":{"line":258,"type":"if","locations":[{"start":{"line":258,"column":8},"end":{"line":258,"column":8},"skip":true},{"start":{"line":258,"column":8},"end":{"line":258,"column":8},"skip":true}]},"19":{"line":275,"type":"switch","locations":[{"start":{"line":276,"column":20},"end":{"line":277,"column":64},"skip":true},{"start":{"line":278,"column":20},"end":{"line":279,"column":40},"skip":true},{"start":{"line":280,"column":20},"end":{"line":281,"column":40},"skip":true},{"start":{"line":282,"column":20},"end":{"line":283,"column":39},"skip":true}]},"20":{"line":288,"type":"if","locations":[{"start":{"line":288,"column":8},"end":{"line":288,"column":8},"skip":true},{"start":{"line":288,"column":8},"end":{"line":288,"column":8},"skip":true}]},"21":{"line":288,"type":"binary-expr","locations":[{"start":{"line":288,"column":12},"end":{"line":288,"column":40},"skip":true},{"start":{"line":288,"column":44},"end":{"line":288,"column":67},"skip":true}]},"22":{"line":292,"type":"binary-expr","locations":[{"start":{"line":292,"column":12},"end":{"line":292,"column":50},"skip":true},{"start":{"line":293,"column":12},"end":{"line":293,"column":53},"skip":true}]},"23":{"line":295,"type":"binary-expr","locations":[{"start":{"line":295,"column":12},"end":{"line":295,"column":68},"skip":true},{"start":{"line":296,"column":12},"end":{"line":301,"column":36},"skip":true}]},"24":{"line":302,"type":"binary-expr","locations":[{"start":{"line":302,"column":43},"end":{"line":302,"column":75},"skip":true},{"start":{"line":302,"column":79},"end":{"line":302,"column":81},"skip":true}]},"25":{"line":305,"type":"if","locations":[{"start":{"line":305,"column":8},"end":{"line":305,"column":8},"skip":true},{"start":{"line":305,"column":8},"end":{"line":305,"column":8},"skip":true}]},"26":{"line":309,"type":"if","locations":[{"start":{"line":309,"column":8},"end":{"line":309,"column":8},"skip":true},{"start":{"line":309,"column":8},"end":{"line":309,"column":8},"skip":true}]},"27":{"line":312,"type":"binary-expr","locations":[{"start":{"line":312,"column":27},"end":{"line":312,"column":43},"skip":true},{"start":{"line":312,"column":47},"end":{"line":312,"column":53},"skip":true}]},"28":{"line":316,"type":"if","locations":[{"start":{"line":316,"column":12},"end":{"line":316,"column":12},"skip":true},{"start":{"line":316,"column":12},"end":{"line":316,"column":12},"skip":true}]}},"code":["/*","example.js","","quickstart example","","instruction","    1. save this script as example.js","    2. run the shell command:","        $ npm install npmtest-redis-mock && PORT=8081 node example.js","    3. play with the browser-demo on http://127.0.0.1:8081","*/","","","","/* istanbul instrument in package npmtest_redis_mock */","/*jslint","    bitwise: true,","    browser: true,","    maxerr: 8,","    maxlen: 96,","    node: true,","    nomen: true,","    regexp: true,","    stupid: true","*/","(function () {","    'use strict';","    var local;","","","","    // run shared js-env code - pre-init","    (function () {","        // init local","        local = {};","        // init modeJs","        local.modeJs = (function () {","            try {","                return typeof navigator.userAgent === 'string' &&","                    typeof document.querySelector('body') === 'object' &&","                    typeof XMLHttpRequest.prototype.open === 'function' &&","                    'browser';","            } catch (errorCaughtBrowser) {","                return module.exports &&","                    typeof process.versions.node === 'string' &&","                    typeof require('http').createServer === 'function' &&","                    'node';","            }","        }());","        // init global","        local.global = local.modeJs === 'browser'","            ? window","            : global;","        // init utility2_rollup","        local = local.global.utility2_rollup || (local.modeJs === 'browser'","            ? local.global.utility2_npmtest_redis_mock","            : global.utility2_moduleExports);","        // export local","        local.global.local = local;","    }());","    switch (local.modeJs) {","","","","    // post-init","    // run browser js-env code - post-init","    /* istanbul ignore next */","    case 'browser':","        local.testRunBrowser = function (event) {","            if (!event || (event &&","                    event.currentTarget &&","                    event.currentTarget.className &&","                    event.currentTarget.className.includes &&","                    event.currentTarget.className.includes('onreset'))) {","                // reset output","                Array.from(","                    document.querySelectorAll('body > .resettable')","                ).forEach(function (element) {","                    switch (element.tagName) {","                    case 'INPUT':","                    case 'TEXTAREA':","                        element.value = '';","                        break;","                    default:","                        element.textContent = '';","                    }","                });","            }","            switch (event && event.currentTarget && event.currentTarget.id) {","            case 'testRunButton1':","                // show tests","                if (document.querySelector('#testReportDiv1').style.display === 'none') {","                    document.querySelector('#testReportDiv1').style.display = 'block';","                    document.querySelector('#testRunButton1').textContent =","                        'hide internal test';","                    local.modeTest = true;","                    local.testRunDefault(local);","                // hide tests","                } else {","                    document.querySelector('#testReportDiv1').style.display = 'none';","                    document.querySelector('#testRunButton1').textContent = 'run internal test';","                }","                break;","            // custom-case","            default:","                break;","            }","            if (document.querySelector('#inputTextareaEval1') && (!event || (event &&","                    event.currentTarget &&","                    event.currentTarget.className &&","                    event.currentTarget.className.includes &&","                    event.currentTarget.className.includes('oneval')))) {","                // try to eval input-code","                try {","                    /*jslint evil: true*/","                    eval(document.querySelector('#inputTextareaEval1').value);","                } catch (errorCaught) {","                    console.error(errorCaught);","                }","            }","        };","        // log stderr and stdout to #outputTextareaStdout1","        ['error', 'log'].forEach(function (key) {","            console[key + '_original'] = console[key];","            console[key] = function () {","                var element;","                console[key + '_original'].apply(console, arguments);","                element = document.querySelector('#outputTextareaStdout1');","                if (!element) {","                    return;","                }","                // append text to #outputTextareaStdout1","                element.value += Array.from(arguments).map(function (arg) {","                    return typeof arg === 'string'","                        ? arg","                        : JSON.stringify(arg, null, 4);","                }).join(' ') + '\\n';","                // scroll textarea to bottom","                element.scrollTop = element.scrollHeight;","            };","        });","        // init event-handling","        ['change', 'click', 'keyup'].forEach(function (event) {","            Array.from(document.querySelectorAll('.on' + event)).forEach(function (element) {","                element.addEventListener(event, local.testRunBrowser);","            });","        });","        // run tests","        local.testRunBrowser();","        break;","","","","    // run node js-env code - post-init","    /* istanbul ignore next */","    case 'node':","        // export local","        module.exports = local;","        // require modules","        local.fs = require('fs');","        local.http = require('http');","        local.url = require('url');","        // init assets","        local.assetsDict = local.assetsDict || {};","        /* jslint-ignore-begin */","        local.assetsDict['/assets.index.template.html'] = '\\","<!doctype html>\\n\\","<html lang=\"en\">\\n\\","<head>\\n\\","<meta charset=\"UTF-8\">\\n\\","<meta name=\"viewport\" content=\"width=device-width, initial-scale=1\">\\n\\","<title>{{env.npm_package_name}} (v{{env.npm_package_version}})</title>\\n\\","<style>\\n\\","/*csslint\\n\\","    box-sizing: false,\\n\\","    universal-selector: false\\n\\","*/\\n\\","* {\\n\\","    box-sizing: border-box;\\n\\","}\\n\\","body {\\n\\","    background: #dde;\\n\\","    font-family: Arial, Helvetica, sans-serif;\\n\\","    margin: 2rem;\\n\\","}\\n\\","body > * {\\n\\","    margin-bottom: 1rem;\\n\\","}\\n\\",".utility2FooterDiv {\\n\\","    margin-top: 20px;\\n\\","    text-align: center;\\n\\","}\\n\\","</style>\\n\\","<style>\\n\\","/*csslint\\n\\","*/\\n\\","textarea {\\n\\","    font-family: monospace;\\n\\","    height: 10rem;\\n\\","    width: 100%;\\n\\","}\\n\\","textarea[readonly] {\\n\\","    background: #ddd;\\n\\","}\\n\\","</style>\\n\\","</head>\\n\\","<body>\\n\\","<!-- utility2-comment\\n\\","<div id=\"ajaxProgressDiv1\" style=\"background: #d00; height: 2px; left: 0; margin: 0; padding: 0; position: fixed; top: 0; transition: background 0.5s, width 1.5s; width: 25%;\"></div>\\n\\","utility2-comment -->\\n\\","<h1>\\n\\","<!-- utility2-comment\\n\\","    <a\\n\\","        {{#if env.npm_package_homepage}}\\n\\","        href=\"{{env.npm_package_homepage}}\"\\n\\","        {{/if env.npm_package_homepage}}\\n\\","        target=\"_blank\"\\n\\","    >\\n\\","utility2-comment -->\\n\\","        {{env.npm_package_name}} (v{{env.npm_package_version}})\\n\\","<!-- utility2-comment\\n\\","    </a>\\n\\","utility2-comment -->\\n\\","</h1>\\n\\","<h3>{{env.npm_package_description}}</h3>\\n\\","<!-- utility2-comment\\n\\","<h4><a download href=\"assets.app.js\">download standalone app</a></h4>\\n\\","<button class=\"onclick onreset\" id=\"testRunButton1\">run internal test</button><br>\\n\\","<div id=\"testReportDiv1\" style=\"display: none;\"></div>\\n\\","utility2-comment -->\\n\\","\\n\\","\\n\\","\\n\\","<label>stderr and stdout</label>\\n\\","<textarea class=\"resettable\" id=\"outputTextareaStdout1\" readonly></textarea>\\n\\","<!-- utility2-comment\\n\\","{{#if isRollup}}\\n\\","<script src=\"assets.app.js\"></script>\\n\\","{{#unless isRollup}}\\n\\","utility2-comment -->\\n\\","<script src=\"assets.utility2.rollup.js\"></script>\\n\\","<script src=\"jsonp.utility2._stateInit?callback=window.utility2._stateInit\"></script>\\n\\","<script src=\"assets.npmtest_redis_mock.rollup.js\"></script>\\n\\","<script src=\"assets.example.js\"></script>\\n\\","<script src=\"assets.test.js\"></script>\\n\\","<!-- utility2-comment\\n\\","{{/if isRollup}}\\n\\","utility2-comment -->\\n\\","<div class=\"utility2FooterDiv\">\\n\\","    [ this app was created with\\n\\","    <a href=\"https://github.com/kaizhu256/node-utility2\" target=\"_blank\">utility2</a>\\n\\","    ]\\n\\","</div>\\n\\","</body>\\n\\","</html>\\n\\","';","        /* jslint-ignore-end */","        if (local.templateRender) {","            local.assetsDict['/'] = local.templateRender(","                local.assetsDict['/assets.index.template.html'],","                {","                    env: local.objectSetDefault(local.env, {","                        npm_package_description: 'the greatest app in the world!',","                        npm_package_name: 'my-app',","                        npm_package_nameAlias: 'my_app',","                        npm_package_version: '0.0.1'","                    })","                }","            );","        } else {","            local.assetsDict['/'] = local.assetsDict['/assets.index.template.html']","                .replace((/\\{\\{env\\.(\\w+?)\\}\\}/g), function (match0, match1) {","                    // jslint-hack","                    String(match0);","                    switch (match1) {","                    case 'npm_package_description':","                        return 'the greatest app in the world!';","                    case 'npm_package_name':","                        return 'my-app';","                    case 'npm_package_nameAlias':","                        return 'my_app';","                    case 'npm_package_version':","                        return '0.0.1';","                    }","                });","        }","        // run the cli","        if (local.global.utility2_rollup || module !== require.main) {","            break;","        }","        local.assetsDict['/assets.example.js'] =","            local.assetsDict['/assets.example.js'] ||","            local.fs.readFileSync(__filename, 'utf8');","        local.assetsDict['/assets.npmtest_redis_mock.rollup.js'] =","            local.assetsDict['/assets.npmtest_redis_mock.rollup.js'] ||","            local.fs.readFileSync(","                // buildCustomOrg-hack","                local.npmtest_redis_mock.__dirname +","                    '/lib.npmtest_redis_mock.js',","                'utf8'","            ).replace((/^#!/), '//');","        local.assetsDict['/favicon.ico'] = local.assetsDict['/favicon.ico'] || '';","        // if $npm_config_timeout_exit exists,","        // then exit this process after $npm_config_timeout_exit ms","        if (Number(process.env.npm_config_timeout_exit)) {","            setTimeout(process.exit, Number(process.env.npm_config_timeout_exit));","        }","        // start server","        if (local.global.utility2_serverHttp1) {","            break;","        }","        process.env.PORT = process.env.PORT || '8081';","        console.error('server starting on port ' + process.env.PORT);","        local.http.createServer(function (request, response) {","            request.urlParsed = local.url.parse(request.url);","            if (local.assetsDict[request.urlParsed.pathname] !== undefined) {","                response.end(local.assetsDict[request.urlParsed.pathname]);","                return;","            }","            response.statusCode = 404;","            response.end();","        }).listen(process.env.PORT);","        break;","    }","}());",""],"l":{"26":2,"28":2,"33":2,"35":2,"37":2,"38":2,"39":2,"44":1,"51":2,"55":2,"59":2,"61":2,"69":1,"70":2,"76":2,"79":2,"82":2,"83":2,"85":1,"89":2,"92":1,"93":1,"94":1,"96":1,"97":1,"100":1,"101":1,"103":1,"106":1,"108":2,"114":1,"116":1,"118":1,"123":1,"124":2,"125":2,"126":3,"127":3,"128":3,"129":3,"130":1,"133":3,"134":3,"139":3,"143":1,"144":3,"145":1,"149":1,"150":1,"158":1,"160":1,"161":1,"162":1,"164":1,"166":1,"258":1,"259":1,"271":1,"274":6,"275":6,"277":1,"279":2,"281":1,"283":2,"288":1,"289":1,"291":1,"294":1,"302":1,"305":1,"306":1,"309":1,"310":1,"312":1,"313":1,"314":1,"315":1,"316":1,"317":1,"318":1,"320":1,"321":1,"323":1}},"/home/travis/build/npmtest/node-npmtest-redis-mock/node_modules/redis-mock/lib/redis-mock.js":{"path":"/home/travis/build/npmtest/node-npmtest-redis-mock/node_modules/redis-mock/lib/redis-mock.js","s":{"1":1,"2":1,"3":0,"4":0,"5":0,"6":0,"7":0,"8":0,"9":0,"10":0,"11":0,"12":0,"13":0,"14":0,"15":0,"16":0,"17":0,"18":0,"19":0,"20":0,"21":0,"22":0,"23":0,"24":0,"25":0,"26":0,"27":0,"28":0,"29":0,"30":1,"31":1,"32":1,"33":1,"34":0,"35":0,"36":0,"37":1,"38":1,"39":1,"40":1,"41":0,"42":0,"43":0,"44":0,"45":0,"46":0,"47":0,"48":0,"49":0,"50":0,"51":0,"52":0,"53":0,"54":0,"55":0,"56":0,"57":1,"58":1,"59":1,"60":0,"61":0,"62":0,"63":0,"64":0,"65":1,"66":1,"67":1,"68":1,"69":1,"70":1,"71":1,"72":0,"73":1,"74":1,"75":1,"76":1,"77":0,"78":1,"79":0,"80":1,"81":0,"82":1,"83":0,"84":1,"85":0,"86":1,"87":0,"88":1,"89":0,"90":1,"91":0,"92":1,"93":1,"94":0,"95":1,"96":0,"97":1,"98":0,"99":0,"100":0,"101":0,"102":0,"103":0,"104":0,"105":0,"106":0,"107":0,"108":0,"109":0,"110":0,"111":0,"112":0,"113":0,"114":0,"115":0,"116":0,"117":0,"118":0,"119":0,"120":0,"121":0,"122":0,"123":0,"124":0,"125":0,"126":0,"127":0,"128":0,"129":0,"130":0,"131":0,"132":0,"133":0,"134":0,"135":0,"136":0,"137":0,"138":0,"139":0,"140":0,"141":0,"142":0,"143":0,"144":0,"145":0,"146":0,"147":0,"148":0,"149":0,"150":0,"151":0,"152":1,"153":0,"154":1,"155":0,"156":0,"157":0,"158":1,"159":0,"160":1,"161":0,"162":0,"163":0,"164":0,"165":1,"166":1,"167":0,"168":1,"169":0,"170":1,"171":0,"172":1,"173":0,"174":1,"175":0,"176":1,"177":0,"178":1,"179":0,"180":1,"181":0,"182":1,"183":0,"184":1,"185":0,"186":1,"187":0,"188":0,"189":1,"190":0,"191":0,"192":0,"193":0,"194":1,"195":0,"196":1,"197":1,"198":0,"199":1,"200":0,"201":0,"202":1,"203":0,"204":0,"205":1,"206":0,"207":1,"208":0,"209":1,"210":0,"211":1,"212":0,"213":1,"214":0,"215":0,"216":0,"217":0,"218":0,"219":0,"220":0,"221":1,"222":0,"223":0,"224":0,"225":0,"226":1,"227":0,"228":0,"229":0,"230":0,"231":1,"232":0,"233":1,"234":0,"235":1,"236":0,"237":1,"238":1,"239":0,"240":0,"241":0,"242":0,"243":0,"244":0,"245":1,"246":0,"247":0,"248":1,"249":0,"250":0,"251":1,"252":0,"253":1,"254":0,"255":1,"256":0,"257":1,"258":1,"259":0,"260":0,"261":1,"262":0,"263":0,"264":1,"265":0,"266":0,"267":1,"268":0,"269":0,"270":1,"271":0,"272":0,"273":1,"274":0,"275":0,"276":1,"277":0,"278":0,"279":1,"280":0,"281":0,"282":1,"283":0,"284":0,"285":1,"286":0,"287":0,"288":1,"289":0,"290":0,"291":1,"292":0,"293":0,"294":1,"295":0,"296":0,"297":1,"298":0,"299":0,"300":1,"301":0,"302":0,"303":1,"304":0,"305":0,"306":0,"307":0,"308":1,"309":1,"310":0,"311":1,"312":0,"313":1,"314":0,"315":1,"316":0},"b":{"1":[0,0],"2":[0,0],"3":[0,0],"4":[0,0],"5":[0,0,0,0,0],"6":[0,0],"7":[0,0,0],"8":[0,0],"9":[0,0],"10":[0,0],"11":[0,0],"12":[0,0],"13":[0,0],"14":[0,0],"15":[0,0],"16":[0,0],"17":[0,0],"18":[0,0],"19":[0,0],"20":[0,0],"21":[0,0],"22":[0,0],"23":[0,0],"24":[0,0],"25":[0,0],"26":[0,0],"27":[0,0],"28":[0,0],"29":[0,0],"30":[0,0],"31":[0,0],"32":[0,0],"33":[0,0],"34":[0,0],"35":[0,0],"36":[0,0],"37":[0,0],"38":[0,0],"39":[0,0],"40":[0,0]},"f":{"1":0,"2":1,"3":0,"4":0,"5":0,"6":0,"7":0,"8":0,"9":0,"10":0,"11":0,"12":0,"13":0,"14":0,"15":0,"16":0,"17":0,"18":0,"19":0,"20":0,"21":0,"22":0,"23":0,"24":0,"25":0,"26":0,"27":0,"28":0,"29":0,"30":0,"31":0,"32":0,"33":0,"34":0,"35":0,"36":0,"37":0,"38":0,"39":0,"40":0,"41":0,"42":0,"43":0,"44":0,"45":0,"46":0,"47":0,"48":0,"49":0,"50":0,"51":0,"52":0,"53":0,"54":0,"55":0,"56":0,"57":0,"58":0,"59":0,"60":0,"61":0,"62":0,"63":0,"64":0,"65":0,"66":0,"67":0,"68":0,"69":0,"70":0,"71":0,"72":0,"73":0,"74":0,"75":0,"76":0,"77":0,"78":0,"79":0,"80":0,"81":0,"82":0,"83":0,"84":0,"85":0,"86":0},"fnMap":{"1":{"name":"(anonymous_1)","line":8,"loc":{"start":{"line":8,"column":21},"end":{"line":8,"column":36}}},"2":{"name":"RedisMock","line":67,"loc":{"start":{"line":67,"column":0},"end":{"line":67,"column":21}}},"3":{"name":"(anonymous_3)","line":77,"loc":{"start":{"line":77,"column":23},"end":{"line":77,"column":56}}},"4":{"name":"(anonymous_4)","line":79,"loc":{"start":{"line":79,"column":23},"end":{"line":79,"column":35}}},"5":{"name":"RedisClient","line":100,"loc":{"start":{"line":100,"column":0},"end":{"line":100,"column":38}}},"6":{"name":"(anonymous_6)","line":109,"loc":{"start":{"line":109,"column":18},"end":{"line":109,"column":37}}},"7":{"name":"(anonymous_7)","line":115,"loc":{"start":{"line":115,"column":42},"end":{"line":115,"column":56}}},"8":{"name":"(anonymous_8)","line":130,"loc":{"start":{"line":130,"column":19},"end":{"line":130,"column":31}}},"9":{"name":"(anonymous_9)","line":151,"loc":{"start":{"line":151,"column":38},"end":{"line":151,"column":50}}},"10":{"name":"(anonymous_10)","line":163,"loc":{"start":{"line":163,"column":19},"end":{"line":163,"column":31}}},"11":{"name":"(anonymous_11)","line":183,"loc":{"start":{"line":183,"column":32},"end":{"line":183,"column":56}}},"12":{"name":"(anonymous_12)","line":198,"loc":{"start":{"line":198,"column":56},"end":{"line":198,"column":82}}},"13":{"name":"(anonymous_13)","line":203,"loc":{"start":{"line":203,"column":62},"end":{"line":203,"column":87}}},"14":{"name":"(anonymous_14)","line":208,"loc":{"start":{"line":208,"column":62},"end":{"line":208,"column":96}}},"15":{"name":"(anonymous_15)","line":213,"loc":{"start":{"line":213,"column":56},"end":{"line":213,"column":81}}},"16":{"name":"(anonymous_16)","line":218,"loc":{"start":{"line":218,"column":58},"end":{"line":218,"column":87}}},"17":{"name":"(anonymous_17)","line":223,"loc":{"start":{"line":223,"column":58},"end":{"line":223,"column":83}}},"18":{"name":"(anonymous_18)","line":228,"loc":{"start":{"line":228,"column":62},"end":{"line":228,"column":94}}},"19":{"name":"(anonymous_19)","line":233,"loc":{"start":{"line":233,"column":72},"end":{"line":233,"column":104}}},"20":{"name":"(anonymous_20)","line":243,"loc":{"start":{"line":243,"column":56},"end":{"line":243,"column":81}}},"21":{"name":"(anonymous_21)","line":248,"loc":{"start":{"line":248,"column":62},"end":{"line":248,"column":94}}},"22":{"name":"(anonymous_22)","line":254,"loc":{"start":{"line":254,"column":56},"end":{"line":254,"column":88}}},"23":{"name":"(anonymous_23)","line":298,"loc":{"start":{"line":298,"column":73},"end":{"line":298,"column":85}}},"24":{"name":"(anonymous_24)","line":299,"loc":{"start":{"line":299,"column":80},"end":{"line":299,"column":102}}},"25":{"name":"(anonymous_25)","line":311,"loc":{"start":{"line":311,"column":73},"end":{"line":311,"column":85}}},"26":{"name":"(anonymous_26)","line":312,"loc":{"start":{"line":312,"column":80},"end":{"line":312,"column":102}}},"27":{"name":"(anonymous_27)","line":318,"loc":{"start":{"line":318,"column":69},"end":{"line":318,"column":81}}},"28":{"name":"(anonymous_28)","line":319,"loc":{"start":{"line":319,"column":76},"end":{"line":319,"column":98}}},"29":{"name":"(anonymous_29)","line":346,"loc":{"start":{"line":346,"column":58},"end":{"line":346,"column":78}}},"30":{"name":"(anonymous_30)","line":351,"loc":{"start":{"line":351,"column":60},"end":{"line":351,"column":101}}},"31":{"name":"(anonymous_31)","line":353,"loc":{"start":{"line":353,"column":59},"end":{"line":353,"column":71}}},"32":{"name":"(anonymous_32)","line":354,"loc":{"start":{"line":354,"column":63},"end":{"line":354,"column":85}}},"33":{"name":"(anonymous_33)","line":360,"loc":{"start":{"line":360,"column":60},"end":{"line":360,"column":92}}},"34":{"name":"(anonymous_34)","line":364,"loc":{"start":{"line":364,"column":58},"end":{"line":364,"column":70}}},"35":{"name":"(anonymous_35)","line":377,"loc":{"start":{"line":377,"column":58},"end":{"line":377,"column":89}}},"36":{"name":"(anonymous_36)","line":381,"loc":{"start":{"line":381,"column":64},"end":{"line":381,"column":95}}},"37":{"name":"(anonymous_37)","line":385,"loc":{"start":{"line":385,"column":58},"end":{"line":385,"column":89}}},"38":{"name":"(anonymous_38)","line":389,"loc":{"start":{"line":389,"column":58},"end":{"line":389,"column":96}}},"39":{"name":"(anonymous_39)","line":393,"loc":{"start":{"line":393,"column":64},"end":{"line":393,"column":106}}},"40":{"name":"(anonymous_40)","line":397,"loc":{"start":{"line":397,"column":74},"end":{"line":397,"column":116}}},"41":{"name":"(anonymous_41)","line":402,"loc":{"start":{"line":402,"column":62},"end":{"line":402,"column":100}}},"42":{"name":"(anonymous_42)","line":406,"loc":{"start":{"line":406,"column":58},"end":{"line":406,"column":84}}},"43":{"name":"(anonymous_43)","line":411,"loc":{"start":{"line":411,"column":60},"end":{"line":411,"column":86}}},"44":{"name":"(anonymous_44)","line":415,"loc":{"start":{"line":415,"column":60},"end":{"line":415,"column":86}}},"45":{"name":"(anonymous_45)","line":419,"loc":{"start":{"line":419,"column":60},"end":{"line":419,"column":72}}},"46":{"name":"(anonymous_46)","line":424,"loc":{"start":{"line":424,"column":60},"end":{"line":424,"column":72}}},"47":{"name":"(anonymous_47)","line":433,"loc":{"start":{"line":433,"column":64},"end":{"line":433,"column":90}}},"48":{"name":"(anonymous_48)","line":442,"loc":{"start":{"line":442,"column":58},"end":{"line":442,"column":83}}},"49":{"name":"(anonymous_49)","line":446,"loc":{"start":{"line":446,"column":60},"end":{"line":446,"column":72}}},"50":{"name":"(anonymous_50)","line":451,"loc":{"start":{"line":451,"column":60},"end":{"line":451,"column":72}}},"51":{"name":"(anonymous_51)","line":456,"loc":{"start":{"line":456,"column":62},"end":{"line":456,"column":94}}},"52":{"name":"(anonymous_52)","line":460,"loc":{"start":{"line":460,"column":62},"end":{"line":460,"column":94}}},"53":{"name":"(anonymous_53)","line":464,"loc":{"start":{"line":464,"column":58},"end":{"line":464,"column":83}}},"54":{"name":"(anonymous_54)","line":468,"loc":{"start":{"line":468,"column":58},"end":{"line":468,"column":83}}},"55":{"name":"(anonymous_55)","line":472,"loc":{"start":{"line":472,"column":11},"end":{"line":472,"column":49}}},"56":{"name":"(anonymous_56)","line":485,"loc":{"start":{"line":485,"column":60},"end":{"line":485,"column":94}}},"57":{"name":"(anonymous_57)","line":493,"loc":{"start":{"line":493,"column":60},"end":{"line":493,"column":94}}},"58":{"name":"(anonymous_58)","line":501,"loc":{"start":{"line":501,"column":62},"end":{"line":501,"column":94}}},"59":{"name":"(anonymous_59)","line":505,"loc":{"start":{"line":505,"column":62},"end":{"line":505,"column":103}}},"60":{"name":"(anonymous_60)","line":509,"loc":{"start":{"line":509,"column":58},"end":{"line":509,"column":97}}},"61":{"name":"(anonymous_61)","line":518,"loc":{"start":{"line":518,"column":17},"end":{"line":518,"column":33}}},"62":{"name":"(anonymous_62)","line":528,"loc":{"start":{"line":528,"column":58},"end":{"line":528,"column":91}}},"63":{"name":"(anonymous_63)","line":533,"loc":{"start":{"line":533,"column":58},"end":{"line":533,"column":91}}},"64":{"name":"(anonymous_64)","line":538,"loc":{"start":{"line":538,"column":66},"end":{"line":538,"column":91}}},"65":{"name":"(anonymous_65)","line":542,"loc":{"start":{"line":542,"column":60},"end":{"line":542,"column":85}}},"66":{"name":"(anonymous_66)","line":546,"loc":{"start":{"line":546,"column":68},"end":{"line":546,"column":101}}},"67":{"name":"(anonymous_67)","line":564,"loc":{"start":{"line":564,"column":58},"end":{"line":564,"column":70}}},"68":{"name":"(anonymous_68)","line":570,"loc":{"start":{"line":570,"column":60},"end":{"line":570,"column":72}}},"69":{"name":"(anonymous_69)","line":576,"loc":{"start":{"line":576,"column":62},"end":{"line":576,"column":74}}},"70":{"name":"(anonymous_70)","line":582,"loc":{"start":{"line":582,"column":64},"end":{"line":582,"column":76}}},"71":{"name":"(anonymous_71)","line":588,"loc":{"start":{"line":588,"column":62},"end":{"line":588,"column":74}}},"72":{"name":"(anonymous_72)","line":594,"loc":{"start":{"line":594,"column":76},"end":{"line":594,"column":88}}},"73":{"name":"(anonymous_73)","line":600,"loc":{"start":{"line":600,"column":60},"end":{"line":600,"column":72}}},"74":{"name":"(anonymous_74)","line":606,"loc":{"start":{"line":606,"column":58},"end":{"line":606,"column":70}}},"75":{"name":"(anonymous_75)","line":612,"loc":{"start":{"line":612,"column":80},"end":{"line":612,"column":92}}},"76":{"name":"(anonymous_76)","line":618,"loc":{"start":{"line":618,"column":82},"end":{"line":618,"column":94}}},"77":{"name":"(anonymous_77)","line":624,"loc":{"start":{"line":624,"column":68},"end":{"line":624,"column":80}}},"78":{"name":"(anonymous_78)","line":630,"loc":{"start":{"line":630,"column":82},"end":{"line":630,"column":94}}},"79":{"name":"(anonymous_79)","line":636,"loc":{"start":{"line":636,"column":66},"end":{"line":636,"column":78}}},"80":{"name":"(anonymous_80)","line":642,"loc":{"start":{"line":642,"column":62},"end":{"line":642,"column":74}}},"81":{"name":"(anonymous_81)","line":652,"loc":{"start":{"line":652,"column":74},"end":{"line":652,"column":94}}},"82":{"name":"(anonymous_82)","line":658,"loc":{"start":{"line":658,"column":31},"end":{"line":658,"column":61}}},"83":{"name":"(anonymous_83)","line":672,"loc":{"start":{"line":672,"column":64},"end":{"line":672,"column":84}}},"84":{"name":"(anonymous_84)","line":676,"loc":{"start":{"line":676,"column":66},"end":{"line":676,"column":86}}},"85":{"name":"(anonymous_85)","line":681,"loc":{"start":{"line":681,"column":58},"end":{"line":681,"column":88}}},"86":{"name":"(anonymous_86)","line":686,"loc":{"start":{"line":686,"column":35},"end":{"line":686,"column":74}}}},"statementMap":{"1":{"start":{"line":4,"column":0},"end":{"line":5,"column":25}},"2":{"start":{"line":8,"column":0},"end":{"line":62,"column":1}},"3":{"start":{"line":9,"column":2},"end":{"line":12,"column":12}},"4":{"start":{"line":13,"column":2},"end":{"line":56,"column":3}},"5":{"start":{"line":16,"column":4},"end":{"line":16,"column":18}},"6":{"start":{"line":17,"column":4},"end":{"line":17,"column":23}},"7":{"start":{"line":18,"column":9},"end":{"line":56,"column":3}},"8":{"start":{"line":22,"column":4},"end":{"line":24,"column":5}},"9":{"start":{"line":23,"column":6},"end":{"line":23,"column":25}},"10":{"start":{"line":25,"column":4},"end":{"line":25,"column":25}},"11":{"start":{"line":26,"column":4},"end":{"line":26,"column":29}},"12":{"start":{"line":27,"column":4},"end":{"line":27,"column":21}},"13":{"start":{"line":28,"column":4},"end":{"line":30,"column":5}},"14":{"start":{"line":29,"column":6},"end":{"line":29,"column":30}},"15":{"start":{"line":31,"column":9},"end":{"line":56,"column":3}},"16":{"start":{"line":37,"column":8},"end":{"line":37,"column":24}},"17":{"start":{"line":38,"column":8},"end":{"line":40,"column":9}},"18":{"start":{"line":39,"column":12},"end":{"line":39,"column":44}},"19":{"start":{"line":41,"column":8},"end":{"line":41,"column":27}},"20":{"start":{"line":46,"column":4},"end":{"line":46,"column":22}},"21":{"start":{"line":48,"column":4},"end":{"line":51,"column":5}},"22":{"start":{"line":49,"column":6},"end":{"line":49,"column":12}},"23":{"start":{"line":50,"column":6},"end":{"line":50,"column":27}},"24":{"start":{"line":52,"column":4},"end":{"line":52,"column":25}},"25":{"start":{"line":53,"column":4},"end":{"line":55,"column":5}},"26":{"start":{"line":54,"column":6},"end":{"line":54,"column":23}},"27":{"start":{"line":57,"column":2},"end":{"line":59,"column":3}},"28":{"start":{"line":58,"column":4},"end":{"line":58,"column":23}},"29":{"start":{"line":61,"column":2},"end":{"line":61,"column":13}},"30":{"start":{"line":67,"column":0},"end":{"line":84,"column":1}},"31":{"start":{"line":69,"column":2},"end":{"line":69,"column":20}},"32":{"start":{"line":71,"column":2},"end":{"line":71,"column":18}},"33":{"start":{"line":77,"column":2},"end":{"line":83,"column":4}},"34":{"start":{"line":78,"column":4},"end":{"line":82,"column":5}},"35":{"start":{"line":79,"column":6},"end":{"line":81,"column":9}},"36":{"start":{"line":80,"column":8},"end":{"line":80,"column":30}},"37":{"start":{"line":89,"column":0},"end":{"line":89,"column":46}},"38":{"start":{"line":94,"column":0},"end":{"line":94,"column":35}},"39":{"start":{"line":95,"column":0},"end":{"line":95,"column":40}},"40":{"start":{"line":100,"column":0},"end":{"line":136,"column":1}},"41":{"start":{"line":102,"column":2},"end":{"line":102,"column":18}},"42":{"start":{"line":104,"column":2},"end":{"line":104,"column":28}},"43":{"start":{"line":109,"column":2},"end":{"line":122,"column":3}},"44":{"start":{"line":111,"column":4},"end":{"line":113,"column":5}},"45":{"start":{"line":112,"column":6},"end":{"line":112,"column":36}},"46":{"start":{"line":115,"column":4},"end":{"line":121,"column":7}},"47":{"start":{"line":116,"column":6},"end":{"line":119,"column":7}},"48":{"start":{"line":117,"column":8},"end":{"line":117,"column":45}},"49":{"start":{"line":118,"column":8},"end":{"line":118,"column":20}},"50":{"start":{"line":120,"column":6},"end":{"line":120,"column":19}},"51":{"start":{"line":124,"column":2},"end":{"line":124,"column":44}},"52":{"start":{"line":127,"column":2},"end":{"line":127,"column":26}},"53":{"start":{"line":128,"column":2},"end":{"line":128,"column":27}},"54":{"start":{"line":130,"column":2},"end":{"line":135,"column":5}},"55":{"start":{"line":132,"column":4},"end":{"line":132,"column":23}},"56":{"start":{"line":133,"column":4},"end":{"line":133,"column":25}},"57":{"start":{"line":141,"column":0},"end":{"line":141,"column":48}},"58":{"start":{"line":146,"column":0},"end":{"line":146,"column":46}},"59":{"start":{"line":151,"column":0},"end":{"line":168,"column":1}},"60":{"start":{"line":153,"column":2},"end":{"line":153,"column":18}},"61":{"start":{"line":156,"column":2},"end":{"line":156,"column":26}},"62":{"start":{"line":159,"column":2},"end":{"line":159,"column":56}},"63":{"start":{"line":163,"column":2},"end":{"line":166,"column":5}},"64":{"start":{"line":165,"column":4},"end":{"line":165,"column":21}},"65":{"start":{"line":173,"column":0},"end":{"line":173,"column":33}},"66":{"start":{"line":178,"column":0},"end":{"line":178,"column":36}},"67":{"start":{"line":179,"column":0},"end":{"line":179,"column":51}},"68":{"start":{"line":180,"column":0},"end":{"line":180,"column":53}},"69":{"start":{"line":181,"column":0},"end":{"line":181,"column":55}},"70":{"start":{"line":182,"column":0},"end":{"line":182,"column":57}},"71":{"start":{"line":183,"column":0},"end":{"line":185,"column":1}},"72":{"start":{"line":184,"column":2},"end":{"line":184,"column":56}},"73":{"start":{"line":190,"column":0},"end":{"line":190,"column":31}},"74":{"start":{"line":191,"column":0},"end":{"line":191,"column":36}},"75":{"start":{"line":197,"column":0},"end":{"line":197,"column":40}},"76":{"start":{"line":198,"column":0},"end":{"line":201,"column":2}},"77":{"start":{"line":200,"column":2},"end":{"line":200,"column":60}},"78":{"start":{"line":203,"column":0},"end":{"line":206,"column":2}},"79":{"start":{"line":205,"column":2},"end":{"line":205,"column":62}},"80":{"start":{"line":208,"column":0},"end":{"line":211,"column":2}},"81":{"start":{"line":210,"column":2},"end":{"line":210,"column":71}},"82":{"start":{"line":213,"column":0},"end":{"line":216,"column":2}},"83":{"start":{"line":215,"column":2},"end":{"line":215,"column":59}},"84":{"start":{"line":218,"column":0},"end":{"line":221,"column":2}},"85":{"start":{"line":220,"column":2},"end":{"line":220,"column":64}},"86":{"start":{"line":223,"column":0},"end":{"line":226,"column":2}},"87":{"start":{"line":225,"column":2},"end":{"line":225,"column":63}},"88":{"start":{"line":228,"column":0},"end":{"line":231,"column":2}},"89":{"start":{"line":230,"column":2},"end":{"line":230,"column":72}},"90":{"start":{"line":233,"column":0},"end":{"line":236,"column":2}},"91":{"start":{"line":235,"column":2},"end":{"line":235,"column":77}},"92":{"start":{"line":242,"column":0},"end":{"line":242,"column":46}},"93":{"start":{"line":243,"column":0},"end":{"line":246,"column":2}},"94":{"start":{"line":245,"column":2},"end":{"line":245,"column":62}},"95":{"start":{"line":248,"column":0},"end":{"line":251,"column":2}},"96":{"start":{"line":250,"column":2},"end":{"line":250,"column":72}},"97":{"start":{"line":254,"column":0},"end":{"line":344,"column":2}},"98":{"start":{"line":255,"column":4},"end":{"line":255,"column":18}},"99":{"start":{"line":257,"column":4},"end":{"line":259,"column":5}},"100":{"start":{"line":258,"column":8},"end":{"line":258,"column":32}},"101":{"start":{"line":261,"column":4},"end":{"line":261,"column":23}},"102":{"start":{"line":262,"column":4},"end":{"line":262,"column":25}},"103":{"start":{"line":263,"column":4},"end":{"line":263,"column":26}},"104":{"start":{"line":265,"column":4},"end":{"line":265,"column":21}},"105":{"start":{"line":266,"column":4},"end":{"line":266,"column":21}},"106":{"start":{"line":267,"column":4},"end":{"line":267,"column":21}},"107":{"start":{"line":268,"column":4},"end":{"line":268,"column":21}},"108":{"start":{"line":269,"column":4},"end":{"line":269,"column":23}},"109":{"start":{"line":270,"column":4},"end":{"line":270,"column":26}},"110":{"start":{"line":271,"column":4},"end":{"line":273,"column":5}},"111":{"start":{"line":272,"column":8},"end":{"line":272,"column":25}},"112":{"start":{"line":275,"column":4},"end":{"line":289,"column":5}},"113":{"start":{"line":276,"column":8},"end":{"line":288,"column":9}},"114":{"start":{"line":277,"column":12},"end":{"line":287,"column":13}},"115":{"start":{"line":278,"column":16},"end":{"line":278,"column":28}},"116":{"start":{"line":279,"column":19},"end":{"line":287,"column":13}},"117":{"start":{"line":280,"column":16},"end":{"line":280,"column":28}},"118":{"start":{"line":281,"column":19},"end":{"line":287,"column":13}},"119":{"start":{"line":282,"column":16},"end":{"line":282,"column":28}},"120":{"start":{"line":283,"column":19},"end":{"line":287,"column":13}},"121":{"start":{"line":284,"column":16},"end":{"line":284,"column":28}},"122":{"start":{"line":285,"column":19},"end":{"line":287,"column":13}},"123":{"start":{"line":286,"column":16},"end":{"line":286,"column":37}},"124":{"start":{"line":290,"column":4},"end":{"line":293,"column":5}},"125":{"start":{"line":291,"column":8},"end":{"line":291,"column":39}},"126":{"start":{"line":292,"column":8},"end":{"line":292,"column":20}},"127":{"start":{"line":295,"column":4},"end":{"line":342,"column":5}},"128":{"start":{"line":296,"column":8},"end":{"line":323,"column":9}},"129":{"start":{"line":297,"column":12},"end":{"line":305,"column":13}},"130":{"start":{"line":298,"column":16},"end":{"line":302,"column":19}},"131":{"start":{"line":299,"column":18},"end":{"line":301,"column":21}},"132":{"start":{"line":300,"column":22},"end":{"line":300,"column":42}},"133":{"start":{"line":304,"column":16},"end":{"line":304,"column":62}},"134":{"start":{"line":306,"column":15},"end":{"line":323,"column":9}},"135":{"start":{"line":308,"column":12},"end":{"line":316,"column":13}},"136":{"start":{"line":309,"column":16},"end":{"line":309,"column":65}},"137":{"start":{"line":311,"column":16},"end":{"line":315,"column":19}},"138":{"start":{"line":312,"column":18},"end":{"line":314,"column":21}},"139":{"start":{"line":313,"column":22},"end":{"line":313,"column":42}},"140":{"start":{"line":318,"column":12},"end":{"line":322,"column":15}},"141":{"start":{"line":319,"column":14},"end":{"line":321,"column":17}},"142":{"start":{"line":320,"column":18},"end":{"line":320,"column":38}},"143":{"start":{"line":326,"column":8},"end":{"line":341,"column":9}},"144":{"start":{"line":327,"column":12},"end":{"line":331,"column":13}},"145":{"start":{"line":328,"column":16},"end":{"line":328,"column":83}},"146":{"start":{"line":330,"column":16},"end":{"line":330,"column":65}},"147":{"start":{"line":332,"column":15},"end":{"line":341,"column":9}},"148":{"start":{"line":333,"column":12},"end":{"line":338,"column":13}},"149":{"start":{"line":334,"column":16},"end":{"line":334,"column":62}},"150":{"start":{"line":337,"column":16},"end":{"line":337,"column":83}},"151":{"start":{"line":340,"column":12},"end":{"line":340,"column":79}},"152":{"start":{"line":346,"column":0},"end":{"line":349,"column":2}},"153":{"start":{"line":348,"column":2},"end":{"line":348,"column":58}},"154":{"start":{"line":351,"column":0},"end":{"line":358,"column":2}},"155":{"start":{"line":353,"column":2},"end":{"line":357,"column":5}},"156":{"start":{"line":354,"column":4},"end":{"line":356,"column":7}},"157":{"start":{"line":355,"column":6},"end":{"line":355,"column":55}},"158":{"start":{"line":360,"column":0},"end":{"line":362,"column":2}},"159":{"start":{"line":361,"column":2},"end":{"line":361,"column":71}},"160":{"start":{"line":364,"column":0},"end":{"line":371,"column":2}},"161":{"start":{"line":365,"column":2},"end":{"line":365,"column":36}},"162":{"start":{"line":366,"column":2},"end":{"line":368,"column":3}},"163":{"start":{"line":367,"column":4},"end":{"line":367,"column":36}},"164":{"start":{"line":370,"column":2},"end":{"line":370,"column":49}},"165":{"start":{"line":376,"column":0},"end":{"line":376,"column":35}},"166":{"start":{"line":377,"column":0},"end":{"line":380,"column":1}},"167":{"start":{"line":379,"column":2},"end":{"line":379,"column":61}},"168":{"start":{"line":381,"column":0},"end":{"line":384,"column":1}},"169":{"start":{"line":383,"column":2},"end":{"line":383,"column":64}},"170":{"start":{"line":385,"column":0},"end":{"line":388,"column":1}},"171":{"start":{"line":387,"column":2},"end":{"line":387,"column":61}},"172":{"start":{"line":389,"column":0},"end":{"line":392,"column":1}},"173":{"start":{"line":391,"column":2},"end":{"line":391,"column":68}},"174":{"start":{"line":393,"column":0},"end":{"line":396,"column":1}},"175":{"start":{"line":395,"column":2},"end":{"line":395,"column":75}},"176":{"start":{"line":397,"column":0},"end":{"line":400,"column":1}},"177":{"start":{"line":399,"column":2},"end":{"line":399,"column":80}},"178":{"start":{"line":402,"column":0},"end":{"line":405,"column":1}},"179":{"start":{"line":404,"column":2},"end":{"line":404,"column":70}},"180":{"start":{"line":406,"column":0},"end":{"line":409,"column":1}},"181":{"start":{"line":408,"column":2},"end":{"line":408,"column":56}},"182":{"start":{"line":411,"column":0},"end":{"line":414,"column":1}},"183":{"start":{"line":413,"column":2},"end":{"line":413,"column":57}},"184":{"start":{"line":415,"column":0},"end":{"line":418,"column":1}},"185":{"start":{"line":417,"column":2},"end":{"line":417,"column":57}},"186":{"start":{"line":419,"column":0},"end":{"line":423,"column":1}},"187":{"start":{"line":421,"column":2},"end":{"line":421,"column":39}},"188":{"start":{"line":422,"column":2},"end":{"line":422,"column":57}},"189":{"start":{"line":424,"column":0},"end":{"line":432,"column":1}},"190":{"start":{"line":426,"column":2},"end":{"line":426,"column":36}},"191":{"start":{"line":427,"column":2},"end":{"line":429,"column":3}},"192":{"start":{"line":428,"column":4},"end":{"line":428,"column":36}},"193":{"start":{"line":431,"column":2},"end":{"line":431,"column":42}},"194":{"start":{"line":433,"column":0},"end":{"line":436,"column":1}},"195":{"start":{"line":435,"column":2},"end":{"line":435,"column":59}},"196":{"start":{"line":441,"column":0},"end":{"line":441,"column":41}},"197":{"start":{"line":442,"column":0},"end":{"line":444,"column":1}},"198":{"start":{"line":443,"column":2},"end":{"line":443,"column":61}},"199":{"start":{"line":446,"column":0},"end":{"line":449,"column":1}},"200":{"start":{"line":447,"column":2},"end":{"line":447,"column":39}},"201":{"start":{"line":448,"column":2},"end":{"line":448,"column":63}},"202":{"start":{"line":451,"column":0},"end":{"line":454,"column":1}},"203":{"start":{"line":452,"column":2},"end":{"line":452,"column":39}},"204":{"start":{"line":453,"column":2},"end":{"line":453,"column":63}},"205":{"start":{"line":456,"column":0},"end":{"line":458,"column":1}},"206":{"start":{"line":457,"column":2},"end":{"line":457,"column":70}},"207":{"start":{"line":460,"column":0},"end":{"line":462,"column":1}},"208":{"start":{"line":461,"column":2},"end":{"line":461,"column":70}},"209":{"start":{"line":464,"column":0},"end":{"line":466,"column":1}},"210":{"start":{"line":465,"column":2},"end":{"line":465,"column":61}},"211":{"start":{"line":468,"column":0},"end":{"line":470,"column":1}},"212":{"start":{"line":469,"column":2},"end":{"line":469,"column":61}},"213":{"start":{"line":472,"column":0},"end":{"line":483,"column":1}},"214":{"start":{"line":473,"column":2},"end":{"line":473,"column":16}},"215":{"start":{"line":474,"column":2},"end":{"line":474,"column":75}},"216":{"start":{"line":475,"column":2},"end":{"line":477,"column":3}},"217":{"start":{"line":476,"column":4},"end":{"line":476,"column":28}},"218":{"start":{"line":478,"column":2},"end":{"line":482,"column":3}},"219":{"start":{"line":479,"column":4},"end":{"line":479,"column":104}},"220":{"start":{"line":481,"column":4},"end":{"line":481,"column":71}},"221":{"start":{"line":485,"column":0},"end":{"line":491,"column":1}},"222":{"start":{"line":486,"column":2},"end":{"line":486,"column":35}},"223":{"start":{"line":487,"column":2},"end":{"line":489,"column":3}},"224":{"start":{"line":488,"column":4},"end":{"line":488,"column":28}},"225":{"start":{"line":490,"column":2},"end":{"line":490,"column":25}},"226":{"start":{"line":493,"column":0},"end":{"line":499,"column":1}},"227":{"start":{"line":494,"column":2},"end":{"line":494,"column":35}},"228":{"start":{"line":495,"column":2},"end":{"line":497,"column":3}},"229":{"start":{"line":496,"column":4},"end":{"line":496,"column":28}},"230":{"start":{"line":498,"column":2},"end":{"line":498,"column":25}},"231":{"start":{"line":501,"column":0},"end":{"line":503,"column":1}},"232":{"start":{"line":502,"column":2},"end":{"line":502,"column":70}},"233":{"start":{"line":505,"column":0},"end":{"line":507,"column":1}},"234":{"start":{"line":506,"column":2},"end":{"line":506,"column":79}},"235":{"start":{"line":509,"column":0},"end":{"line":511,"column":1}},"236":{"start":{"line":510,"column":2},"end":{"line":510,"column":75}},"237":{"start":{"li
[...]
re(\"./helpers.js\");","var Item = require(\"./item.js\");","","/**","","  *** NOT IMPLEMENTED ***","","  ZINTERSTORE destination numkeys key [key ...] [WEIGHTS weight [weight ...]] [AGGREGATE SUM|MIN|MAX]","  Intersect multiple sorted sets and store the resulting sorted set in a new key","","  ZLEXCOUNT key min max","  Count the number of members in a sorted set between a given lexicographical range","","  ZRANGEBYLEX key min max [LIMIT offset count]","  Return a range of members in a sorted set, by lexicographical range","","  ZREVRANGEBYLEX key max min [LIMIT offset count]","  Return a range of members in a sorted set, by lexicographical range, ordered from higher to lower strings.","","  ZREMRANGEBYLEX key min max","  Remove all members in a sorted set between the given lexicographical range","","  ZUNIONSTORE destination numkeys key [key ...] [WEIGHTS weight [weight ...]] [AGGREGATE SUM|MIN|MAX]","  Add multiple sorted sets and store the resulting sorted set in a new key","","  ZSCAN key cursor [MATCH pattern] [COUNT count]","  Incrementally iterate sorted sets elements and associated scores","","*/","","var MAX_SCORE_VALUE = 9007199254740992;","var MIN_SCORE_VALUE = -MAX_SCORE_VALUE;","","var mockCallback = helpers.mockCallback;","","var validKeyType = function(mockInstance, key, callback) {","  return helpers.validKeyType(mockInstance, key, 'sortedset', callback)","}","","var initKey = function(mockInstance, key) {","  return helpers.initKey(mockInstance, key, Item.createSortedSet);","}","","// delimiter for lexicographically sorting by score & member","var rankedDelimiter = '#';","","/*","Returns a sorted set of all the score+members for a key","*/","var getRankedList = function(mockInstance, key) {","  // returns a ranked list of items (k)","  var items = [];","  for (var member in mockInstance.storage[key].value) {","    var score = mockInstance.storage[key].value[member];","    items.push(score + rankedDelimiter + member);","  }","  items.sort();","  return items;","}","","/*","getRank (zrank & zrevrank)","*/","var getRank = function(mockInstance, key, member, callback, reversed) {",""," var len = arguments.length;","  if (len <= 3) {","    return","  }","  if (callback == undefined) {","    callback = mockCallback;","  }","  if (!validKeyType(mockInstance, key, callback)) {","    return","  }","  initKey(mockInstance, key);","  member = Item._stringify(member);","  var rank = null;","  var ranked = getRankedList(mockInstance, key);","","  // this is for zrevrank","  if (reversed) {","    ranked.reverse();","  }","","  for (var i=0, parts, s, m; i < ranked.length; i++) {","    parts = ranked[i].split(rankedDelimiter);","    s = parts[0];","    m = parts.slice(1).join(rankedDelimiter);","    if (m === member) {","      rank = i;","      break;","    }","  }","  mockInstance._callCallback(callback, null, rank);","","}","","/*","getRange (zrange & zrevrange)","*/","var getRange = function(mockInstance, key, start, stop, withscores, callback, reversed) {","  var len = arguments.length;","  if (len < 4) {","    return","  }","  if ('function' === typeof withscores) {","    callback = withscores;","    withscores = undefined;","  }","  if (callback == undefined) {","    callback = mockCallback;","  }","  if (!validKeyType(mockInstance, key, callback)) {","    return","  }","","  initKey(mockInstance, key);","  var ranked = getRankedList(mockInstance, key);","","  // this is for zrevrange","  if (reversed) {","    ranked.reverse();","  }","","  // convert to string so we can test for inclusive range","  start = parseInt(String(start), 10);","  stop = parseInt(String(stop), 10);","","  if (start < 0) {","    start = ranked.length + start;","  }","  if (stop < 0) {","    stop = ranked.length + stop;","  }","","  // start must be less then stop","  if (start > stop) {","    return mockInstance._callCallback(callback, null, []);","  }","  // console.log(ranked, start, stop + 1);","","  // make slice inclusive","  ranked = ranked.slice(start, stop + 1);","","  var range = [], mintest, maxtest;","  for (var i=0, parts, s, score, m; i < ranked.length; i++) {","    parts = ranked[i].split(rankedDelimiter);","    s = parts[0];","    score = parseFloat(s);","    m = parts.slice(1).join(rankedDelimiter);","    range.push(m);","    if (withscores && withscores.toLowerCase() === 'withscores') {","      range.push(s);","    }","  }","  mockInstance._callCallback(callback, null, range);","}","","/**","getRangeByScore (zrangebyscore & zrevrangebyscore)","**/","var getRangeByScore = function(","  mockInstance,","  key,","  min,","  max,","  withscores,","  limit,","  offset,","  count,","  callback,","  reversed) {","","  var len = arguments.length;","  if (len < 4) {","    return","  }","  if ('function' === typeof withscores) {","    callback = withscores;","    withscores = undefined;","  }","  if ('function' === typeof limit) {","    callback = limit;","    limit = undefined;","  }","  if (callback == undefined) {","    callback = mockCallback;","  }","  if (!validKeyType(mockInstance, key, callback)) {","    return","  }","","  initKey(mockInstance, key);","","  var ranked = getRankedList(mockInstance, key);","  if (reversed) {","    ranked.reverse();","  }","","  // check for infinity flags","  if (min.toString() === '-inf') {","    min = MIN_SCORE_VALUE;","  }","  if (max.toString() === '+inf') {","    max = MAX_SCORE_VALUE;","  }","  // handles the reversed case","  if (min.toString() === '+inf') {","    min = MAX_SCORE_VALUE;","  }","  if (max.toString() === '-inf') {","    max = MIN_SCORE_INTEGER;","  }","","  // convert to string so we can test for inclusive range","  min = String(min);","  max = String(max);","","  // ranges inclusive?","  var minlt = false;","  var maxlt = false;","  if (min[0] === '(') {","    min = min.substring(1);","    minlt = true;","  }","  if (max[0] === '(') {","    max = max.substring(1);","    maxlt = true;","  }","  // convert to float","  min = parseFloat(min);","  max = parseFloat(max);","","  // console.log('checkpoint', ranked, min, max, withscores, callback, minlt, maxlt);","  var range = [], mintest, maxtest;","  for (var i=0, parts, s, score, m; i < ranked.length; i++) {","    parts = ranked[i].split(rankedDelimiter);","    s = parts[0];","    score = parseFloat(s);","    mintest = (minlt) ? (min < score) : (min <= score);","    maxtest = (maxlt) ? (score < max) : (score <= max);","","    // console.log('test', s, score, mintest, maxtest);","    if (!mintest || !maxtest) {","      continue;","    }","    m = parts.slice(1).join(rankedDelimiter);","    range.push(m);","    if (withscores && withscores.toLowerCase() === 'withscores') {","      // score as string","      range.push(s);","    }","  }","  // console.log('range', range);","  // do we need to slice the out put?","  if (limit && limit.toLowerCase() === 'limit' && offset && count) {","    offset = parseInt(offset, 10);","    count = parseInt(count, 10);","    // withscores needs to adjust the offset and count","    if (withscores && withscores.toLowerCase() === 'withscores') {","      offset *= 2;","      count *= 2;","    }","    range = range.slice(offset, offset + count);","  }","","  mockInstance._callCallback(callback, null, range);","","}","","// ZADD key [NX|XX] [CH] [INCR] score member [score member ...]","// Add one or more members to a sorted set, or update its score if it already exists","exports.zadd = function(mockInstance, key) {","","  var len = arguments.length;","  if (len <= 3) {","    return","  }","  var callback = helpers.parseCallback(arguments);","  if (!validKeyType(mockInstance, key, callback)) {","    return","  }","  // init key","  initKey(mockInstance, key);","","  // declare opts","  var nx = false, xx = false, ch = false, incr = false;","  var start = 2, count = 0;","","  for (var i=start; i < len; i++) {","    var opt = arguments[i];","    opt = opt.toString().toLowerCase();","    // Don't update already existing elements. Always add new elements.","    if (opt === 'nx') {","      nx = true;","      continue;","    }","    // Only update elements that already exist. Never add elements.","    if (opt === 'xx') {","      xx = true;","      continue;","    }","    // Total number of elements changed","    if (opt === 'ch') {","      ch = true;","      continue;","    }","    if (opt === 'incr') {","      incr = true;","      continue;","    }","    start = i;","    break;","","  }","","  for (var i = start; i < len; i += 2) {","    // hold the score and make sure it isn't an opt","    var score = arguments[i];","","    // did we reach the end?","    if (len <= (i + 1)) {","        break;","    }","    var member = Item._stringify(arguments[i + 1]);","    var existingScore = mockInstance.storage[key].value[member];","    var exists = existingScore != undefined;","","    // process opts","    if ((nx && exists) || (xx && !exists)) {","      continue;","    }","    // convert score to string","    score = score.toString();","","    // updating score if memeber doesn't exist","    // or if ch = true and score changes","    if (!exists || (ch && existingScore != score)) {","      count += 1;","    }","","    // do we need to incr (existing score + score)?","    if (incr && existingScore) {","      score = parseFloat(existingScore) + parseFloat(score);","      score = String(score);","    }","","    // update score","    mockInstance.storage[key].value[member] = score;","","    // only one member is allowed update","    // if we have an incr","    // this shold behave the same as zincrby","    // so return the score instead of the updatedCount;","    if (incr) {","      count = score;","      break;","    }","  }","","  if (callback) {","    mockInstance._callCallback(callback, null, count);","  }","}","","// ZCARD key","// Get the number of members in a sorted set","exports.zcard = function(mockInstance, key, callback) {","  var len = arguments.length;","  if (len < 1) {","    return","  }","  if (callback == undefined) {","    callback = mockCallback;","  }","  if (!validKeyType(mockInstance, key, callback)) {","    return","  }","  initKey(mockInstance, key);","  var count = Object.keys(mockInstance.storage[key].value).length;","  mockInstance._callCallback(callback, null, count);","}","","// ZCOUNT key min max","// Count the members in a sorted set with scores within the given values","exports.zcount = function(mockInstance, key, min, max, callback) {","  var parse = function(err, result) {","    if (err) {","      return mockInstance._callCallback(callback, err);","    }","    mockInstance._callCallback(callback, null, result.length);","  }","  exports.zrangebyscore(mockInstance, key, min, max, parse);","}","","// ZINCRBY key increment member","// Increment the score of a member in a sorted set","exports.zincrby = function(mockInstance, key, increment, member, callback) {","  var len = arguments.length;","  if (len < 4) {","    return","  }","  if (callback == undefined) {","    callback = mockCallback;","  }","  if (!validKeyType(mockInstance, key, callback)) {","    return","  }","  initKey(mockInstance, key);","  member = Item._stringify(member);","  var s = mockInstance.storage[key].value[member];","  var score = parseFloat( s !== undefined ? s : '0');","  increment = parseFloat(String(increment));","  score += increment;","  score = String(score);","  mockInstance.storage[key].value[member] = score;","  mockInstance._callCallback(callback, null, score);","}","","// ZRANGE key start stop [WITHSCORES]","// Return a range of members in a sorted set, by index","exports.zrange = function(mockInstance, key, start, stop, withscores, callback) {","  getRange(mockInstance, key, start, stop, withscores, callback, false);","}","","// ZRANGEBYSCORE key min max [WITHSCORES] [LIMIT offset count]","// Return a range of members in a sorted set, by score","exports.zrangebyscore = function(","  mockInstance,","  key,","  min,","  max,","  withscores,","  limit,","  offset,","  count,","  callback) {","","  getRangeByScore(","    mockInstance,","    key,","    min,","    max,","    withscores,","    limit,","    offset,","    count,","    callback,","    false);","","};","","// ZRANK key member","// Determine the index of a member in a sorted set","exports.zrank = function(mockInstance, key, member, callback) {","  getRank(mockInstance, key, member, callback, false);","}","","// ZREM key member [member ...]","// Remove one or more members from a sorted set","exports.zrem = function(mockInstance, key) {","  var len = arguments.length;","  if (len <= 3) {","    return","  }","","  var callback = helpers.parseCallback(arguments);","  if (callback == undefined) {","    callback = mockCallback;","  }","  if (!validKeyType(mockInstance, key, callback)) {","    return","  }","  initKey(mockInstance, key);","  // The number of members removed from the sorted set,","  // not including non existing members.","  var count = 0;","  for (var i=2, member; i < len; i++) {","    member = arguments[i];","    if ('function' == typeof member) {","      break;","    }","    member = Item._stringify(member);","    if (mockInstance.storage[key].value[member]) {","      delete mockInstance.storage[key].value[member];","      count += 1;","    }","  }","  mockInstance._callCallback(callback, null, count);","}","","// ZREMRANGEBYRANK key start stop","// Remove all members in a sorted set within the given indexes","exports.zremrangebyrank = function(mockInstance, key, start, stop, callback) {","","  var deleteResults = function(err, results) {","    if (err) {","      return mockInstance._callCallback(callback, err);","    }","    var count = 0;","    for (var i=0, member; i < results.length; i++) {","      member = results[i];","      if (mockInstance.storage[key].value[member]) {","        delete mockInstance.storage[key].value[member];","        count += 1;","      }","    }","    mockInstance._callCallback(callback, null, count);","  }","  getRange(mockInstance, key, start, stop, deleteResults, false);","}","","// ZREMRANGEBYSCORE key min max","// Remove all members in a sorted set within the given scores","exports.zremrangebyscore = function(mockInstance, key, min, max, callback) {","","  var deleteResults = function(err, results) {","    if (err) {","      return mockInstance._callCallback(callback, err);","    }","    var count = 0;","    for (var i=0, member; i < results.length; i++) {","      member = results[i];","      if (mockInstance.storage[key].value[member]) {","        delete mockInstance.storage[key].value[member];","        count += 1;","      }","    }","    mockInstance._callCallback(callback, null, count);","  }","  getRangeByScore(mockInstance, key, min, max, deleteResults, false);","}","","","// ZREVRANGE key start stop [WITHSCORES]","// Return a range of members in a sorted set, by index, with scores ordered from high to low","exports.zrevrange = function(mockInstance, key, start, stop, withscores, callback) {","  getRange(mockInstance, key, start, stop, withscores, callback, true);","}","","// ZREVRANGEBYSCORE key max min [WITHSCORES] [LIMIT offset count]","// Return a range of members in a sorted set, by score, with scores ordered from high to low","exports.zrevrangebyscore = function(","  mockInstance,","  key,","  max,","  min,","  withscores,","  limit,","  offset,","  count,","  callback) {","","  getRangeByScore(","    mockInstance,","    key,","    min,","    max,","    withscores,","    limit,","    offset,","    count,","    callback,","    true);","};","","// ZREVRANK key member","// Determine the index of a member in a sorted set, with scores ordered from high to low","exports.zrevrank = function(mockInstance, key, member, callback) {","  getRank(mockInstance, key, member, callback, true);","}","","// ZSCORE key member","// Get the score associated with the given member in a sorted set","exports.zscore = function(mockInstance, key, member, callback) {","  var len = arguments.length;","  if (len < 3) {","    return","  }","  if (callback == undefined) {","    callback = mockCallback;","  }","  if (!validKeyType(mockInstance, key, callback)) {","    return","  }","  initKey(mockInstance, key);","  var score = mockInstance.storage[key].value[Item._stringify(member)];","  mockInstance._callCallback(callback, null, score);","}",""],"l":{"1":1,"2":1,"31":1,"32":1,"34":1,"36":1,"37":0,"40":1,"41":0,"45":1,"50":1,"52":0,"53":0,"54":0,"55":0,"57":0,"58":0,"64":1,"66":0,"67":0,"68":0,"70":0,"71":0,"73":0,"74":0,"76":0,"77":0,"78":0,"79":0,"82":0,"83":0,"86":0,"87":0,"88":0,"89":0,"90":0,"91":0,"92":0,"95":0,"102":1,"103":0,"104":0,"105":0,"107":0,"108":0,"109":0,"111":0,"112":0,"114":0,"115":0,"118":0,"119":0,"122":0,"123":0,"127":0,"128":0,"130":0,"131":0,"133":0,"134":0,"138":0,"139":0,"144":0,"146":0,"147":0,"148":0,"149":0,"150":0,"151":0,"152":0,"153":0,"154":0,"157":0,"163":1,"175":0,"176":0,"177":0,"179":0,"180":0,"181":0,"183":0,"184":0,"185":0,"187":0,"188":0,"190":0,"191":0,"194":0,"196":0,"197":0,"198":0,"202":0,"203":0,"205":0,"206":0,"209":0,"210":0,"212":0,"213":0,"217":0,"218":0,"221":0,"222":0,"223":0,"224":0,"225":0,"227":0,"228":0,"229":0,"232":0,"233":0,"236":0,"237":0,"238":0,"239":0,"240":0,"241":0,"242":0,"245":0,"246":0,"248":0,"249":0,"250":0,"252":0,"257":0,"258":0,"259":0,"261":0,"262":0,"263":0,"265":0,"268":0,"274":1,"276":0,"277":0,"278":0,"280":0,"281":0,"282":0,"285":0,"288":0,"289":0,"291":0,"292":0,"293":0,"295":0,"296":0,"297":0,"300":0,"301":0,"302":0,"305":0,"306":0,"307":0,"309":0,"310":0,"311":0,"313":0,"314":0,"318":0,"320":0,"323":0,"324":0,"326":0,"327":0,"328":0,"331":0,"332":0,"335":0,"339":0,"340":0,"344":0,"345":0,"346":0,"350":0,"356":0,"357":0,"358":0,"362":0,"363":0,"369":1,"370":0,"371":0,"372":0,"374":0,"375":0,"377":0,"378":0,"380":0,"381":0,"382":0,"387":1,"388":0,"389":0,"390":0,"392":0,"394":0,"399":1,"400":0,"401":0,"402":0,"404":0,"405":0,"407":0,"408":0,"410":0,"411":0,"412":0,"413":0,"414":0,"415":0,"416":0,"417":0,"418":0,"423":1,"424":0,"429":1,"440":0,"456":1,"457":0,"462":1,"463":0,"464":0,"465":0,"468":0,"469":0,"470":0,"472":0,"473":0,"475":0,"478":0,"479":0,"480":0,"481":0,"482":0,"484":0,"485":0,"486":0,"487":0,"490":0,"495":1,"497":0,"498":0,"499":0,"501":0,"502":0,"503":0,"504":0,"505":0,"506":0,"509":0,"511":0,"516":1,"518":0,"519":0,"520":0,"522":0,"523":0,"524":0,"525":0,"526":0,"527":0,"530":0,"532":0,"538":1,"539":0,"544":1,"555":0,"570":1,"571":0,"576":1,"577":0,"578":0,"579":0,"581":0,"582":0,"584":0,"585":0,"587":0,"588":0,"589":0}},"/home/travis/build/npmtest/node-npmtest-redis-mock/node_modules/redis-mock/lib/server.js":{"path":"/home/travis/build/npmtest/node-npmtest-redis-mock/node_modules/redis-mock/lib/server.js","s":{"1":1,"2":0,"3":0,"4":1,"5":1,"6":0},"b":{},"f":{"1":0,"2":0},"fnMap":{"1":{"name":"(anonymous_1)","line":4,"loc":{"start":{"line":4,"column":32},"end":{"line":4,"column":66}}},"2":{"name":"auth","line":19,"loc":{"start":{"line":19,"column":15},"end":{"line":19,"column":63}}}},"statementMap":{"1":{"start":{"line":4,"column":0},"end":{"line":8,"column":1}},"2":{"start":{"line":5,"column":2},"end":{"line":5,"column":28}},"3":{"start":{"line":7,"column":2},"end":{"line":7,"column":51}},"4":{"start":{"line":14,"column":0},"end":{"line":14,"column":27}},"5":{"start":{"line":19,"column":0},"end":{"line":21,"column":1}},"6":{"start":{"line":20,"column":2},"end":{"line":20,"column":51}}},"branchMap":{},"code":["/**"," * flushdb"," */","var flushdb = exports.flushdb = function (mockInstance, callback) {","  mockInstance.storage = {};","","  mockInstance._callCallback(callback, null, 'OK');","}","","/**"," * flushall"," * Exact the same as flushdb because multiple db is not supported yet"," */","exports.flushall = flushdb;","","/**"," * auth"," */","exports.auth = function auth(mockInstance, password, callback) {","  mockInstance._callCallback(callback, null, 'OK');","}",""],"l":{"4":1,"5":0,"7":0,"14":1,"19":1,"20":0}}}